# JRE version: OpenJDK Runtime Environment (17.0.7) (build 17.0.7+0-b2043.56-10550314)
# Java VM: OpenJDK 64-Bit Server VM (17.0.7+0-b2043.56-10550314, mixed mode, tiered, compressed oops, compressed class ptrs, g1 gc, windows-amd64)
GC Precious Log:
 CPUs: 8 total, 8 available
 Memory: 6020M
 Large Page Support: Disabled
 NUMA Support: Disabled
 Compressed Oops: Enabled (32-bit)
 Heap Region Size: 1M
 Heap Min Capacity: 8M
 Heap Initial Capacity: 96M
 Heap Max Capacity: 2G
 Pre-touch: Disabled
 Parallel Workers: 8
 Concurrent Workers: 2
 Concurrent Refinement Workers: 8
 Periodic GC: Disabled
Heap:
 garbage-first heap   total 336896K, used 260889K [0x0000000080000000, 0x0000000100000000)
  region size 1024K, 3 young (3072K), 3 survivors (3072K)
 Metaspace       used 125153K, committed 125952K, reserved 1179648K
  class space    used 16815K, committed 17216K, reserved 1048576K
GC Heap History (20 events):
Event: 75.248 GC heap after
{Heap after GC invocations=71 (full 0):
 garbage-first heap   total 229376K, used 145050K [0x0000000080000000, 0x0000000100000000)
  region size 1024K, 5 young (5120K), 5 survivors (5120K)
 Metaspace       used 101865K, committed 102656K, reserved 1179648K
  class space    used 14074K, committed 14464K, reserved 1048576K
}
Event: 75.983 GC heap before
{Heap before GC invocations=71 (full 0):
 garbage-first heap   total 229376K, used 193178K [0x0000000080000000, 0x0000000100000000)
  region size 1024K, 51 young (52224K), 5 survivors (5120K)
 Metaspace       used 102132K, committed 102976K, reserved 1179648K
  class space    used 14120K, committed 14528K, reserved 1048576K
}
Event: 76.014 GC heap after
{Heap after GC invocations=72 (full 0):
 garbage-first heap   total 229376K, used 170124K [0x0000000080000000, 0x0000000100000000)
  region size 1024K, 7 young (7168K), 7 survivors (7168K)
 Metaspace       used 102132K, committed 102976K, reserved 1179648K
  class space    used 14120K, committed 14528K, reserved 1048576K
}
Event: 76.481 GC heap before
{Heap before GC invocations=72 (full 0):
 garbage-first heap   total 229376K, used 187532K [0x0000000080000000, 0x0000000100000000)
  region size 1024K, 24 young (24576K), 7 survivors (7168K)
 Metaspace       used 102458K, committed 103360K, reserved 1179648K
  class space    used 14168K, committed 14592K, reserved 1048576K
}
Event: 76.502 GC heap after
{Heap after GC invocations=73 (full 0):
 garbage-first heap   total 275456K, used 172239K [0x0000000080000000, 0x0000000100000000)
  region size 1024K, 2 young (2048K), 2 survivors (2048K)
 Metaspace       used 102458K, committed 103360K, reserved 1179648K
  class space    used 14168K, committed 14592K, reserved 1048576K
}
Event: 77.811 GC heap before
{Heap before GC invocations=73 (full 0):
 garbage-first heap   total 336896K, used 209103K [0x0000000080000000, 0x0000000100000000)
  region size 1024K, 40 young (40960K), 2 survivors (2048K)
 Metaspace       used 103956K, committed 104704K, reserved 1179648K
  class space    used 14389K, committed 14784K, reserved 1048576K
}
Event: 77.828 GC heap after
{Heap after GC invocations=74 (full 0):
 garbage-first heap   total 336896K, used 174076K [0x0000000080000000, 0x0000000100000000)
  region size 1024K, 5 young (5120K), 5 survivors (5120K)
 Metaspace       used 103956K, committed 104704K, reserved 1179648K
  class space    used 14389K, committed 14784K, reserved 1048576K
}
Event: 79.144 GC heap before
{Heap before GC invocations=75 (full 0):
 garbage-first heap   total 336896K, used 250876K [0x0000000080000000, 0x0000000100000000)
  region size 1024K, 79 young (80896K), 5 survivors (5120K)
 Metaspace       used 105987K, committed 106816K, reserved 1179648K
  class space    used 14547K, committed 14976K, reserved 1048576K
}
Event: 79.163 GC heap after
{Heap after GC invocations=76 (full 0):
 garbage-first heap   total 336896K, used 178331K [0x0000000080000000, 0x0000000100000000)
  region size 1024K, 9 young (9216K), 9 survivors (9216K)
 Metaspace       used 105987K, committed 106816K, reserved 1179648K
  class space    used 14547K, committed 14976K, reserved 1048576K
}
Event: 79.283 GC heap before
{Heap before GC invocations=76 (full 0):
 garbage-first heap   total 336896K, used 184475K [0x0000000080000000, 0x0000000100000000)
  region size 1024K, 16 young (16384K), 9 survivors (9216K)
 Metaspace       used 105990K, committed 106816K, reserved 1179648K
  class space    used 14547K, committed 14976K, reserved 1048576K
}
Event: 79.364 GC heap after
{Heap after GC invocations=77 (full 0):
 garbage-first heap   total 336896K, used 171077K [0x0000000080000000, 0x0000000100000000)
  region size 1024K, 2 young (2048K), 2 survivors (2048K)
 Metaspace       used 105990K, committed 106816K, reserved 1179648K
  class space    used 14547K, committed 14976K, reserved 1048576K
}
Event: 80.951 GC heap before
{Heap before GC invocations=77 (full 0):
 garbage-first heap   total 336896K, used 260165K [0x0000000080000000, 0x0000000100000000)
  region size 1024K, 88 young (90112K), 2 survivors (2048K)
 Metaspace       used 109912K, committed 110720K, reserved 1179648K
  class space    used 15000K, committed 15424K, reserved 1048576K
}
Event: 80.959 GC heap after
{Heap after GC invocations=78 (full 0):
 garbage-first heap   total 336896K, used 175198K [0x0000000080000000, 0x0000000100000000)
  region size 1024K, 6 young (6144K), 6 survivors (6144K)
 Metaspace       used 109912K, committed 110720K, reserved 1179648K
  class space    used 15000K, committed 15424K, reserved 1048576K
}
Event: 83.707 GC heap before
{Heap before GC invocations=78 (full 0):
 garbage-first heap   total 336896K, used 273502K [0x0000000080000000, 0x0000000100000000)
  region size 1024K, 95 young (97280K), 6 survivors (6144K)
 Metaspace       used 116138K, committed 116992K, reserved 1179648K
  class space    used 15599K, committed 16000K, reserved 1048576K
}
Event: 83.749 GC heap after
{Heap after GC invocations=79 (full 0):
 garbage-first heap   total 336896K, used 199932K [0x0000000080000000, 0x0000000100000000)
  region size 1024K, 12 young (12288K), 12 survivors (12288K)
 Metaspace       used 116138K, committed 116992K, reserved 1179648K
  class space    used 15599K, committed 16000K, reserved 1048576K
}
Event: 85.302 GC heap before
{Heap before GC invocations=79 (full 0):
 garbage-first heap   total 336896K, used 266492K [0x0000000080000000, 0x0000000100000000)
  region size 1024K, 77 young (78848K), 12 survivors (12288K)
 Metaspace       used 120888K, committed 121728K, reserved 1179648K
  class space    used 16187K, committed 16576K, reserved 1048576K
}
Event: 85.449 GC heap after
{Heap after GC invocations=80 (full 0):
 garbage-first heap   total 336896K, used 239416K [0x0000000080000000, 0x0000000100000000)
  region size 1024K, 10 young (10240K), 10 survivors (10240K)
 Metaspace       used 120888K, committed 121728K, reserved 1179648K
  class space    used 16187K, committed 16576K, reserved 1048576K
}
Event: 85.874 GC heap before
{Heap before GC invocations=80 (full 0):
 garbage-first heap   total 336896K, used 266040K [0x0000000080000000, 0x0000000100000000)
  region size 1024K, 36 young (36864K), 10 survivors (10240K)
 Metaspace       used 121584K, committed 122368K, reserved 1179648K
  class space    used 16268K, committed 16640K, reserved 1048576K
}
Event: 85.904 GC heap after
{Heap after GC invocations=81 (full 0):
 garbage-first heap   total 336896K, used 257024K [0x0000000080000000, 0x0000000100000000)
  region size 1024K, 5 young (5120K), 5 survivors (5120K)
 Metaspace       used 121584K, committed 122368K, reserved 1179648K
  class space    used 16268K, committed 16640K, reserved 1048576K
}
Event: 86.720 GC heap before
{Heap before GC invocations=81 (full 0):
 garbage-first heap   total 336896K, used 275456K [0x0000000080000000, 0x0000000100000000)
  region size 1024K, 23 young (23552K), 5 survivors (5120K)
 Metaspace       used 125153K, committed 125952K, reserved 1179648K
  class space    used 16815K, committed 17216K, reserved 1048576K
}

