# JRE version: OpenJDK Runtime Environment (17.0.7) (build 17.0.7+0-b2043.56-10550314)
# Java VM: OpenJDK 64-Bit Server VM (17.0.7+0-b2043.56-10550314, mixed mode, tiered, compressed oops, compressed class ptrs, g1 gc, windows-amd64)
GC Precious Log:
 CPUs: 8 total, 8 available
 Memory: 6020M
 Large Page Support: Disabled
 NUMA Support: Disabled
 Compressed Oops: Enabled (32-bit)
 Heap Region Size: 1M
 Heap Min Capacity: 8M
 Heap Initial Capacity: 96M
 Heap Max Capacity: 1506M
 Pre-touch: Disabled
 Parallel Workers: 8
 Concurrent Workers: 2
 Concurrent Refinement Workers: 8
 Periodic GC: Disabled
Heap:
 garbage-first heap   total 195584K, used 115023K [0x00000000a1e00000, 0x0000000100000000)
  region size 1024K, 6 young (6144K), 6 survivors (6144K)
 Metaspace       used 82013K, committed 82432K, reserved 1179648K
  class space    used 9188K, committed 9408K, reserved 1048576K
GC Heap History (20 events):
Event: 20.889 GC heap after
{Heap after GC invocations=33 (full 0):
 garbage-first heap   total 92160K, used 56058K [0x00000000a1e00000, 0x0000000100000000)
  region size 1024K, 3 young (3072K), 3 survivors (3072K)
 Metaspace       used 59470K, committed 59712K, reserved 1114112K
  class space    used 7039K, committed 7168K, reserved 1048576K
}
Event: 21.225 GC heap before
{Heap before GC invocations=34 (full 0):
 garbage-first heap   total 101376K, used 73466K [0x00000000a1e00000, 0x0000000100000000)
  region size 1024K, 20 young (20480K), 3 survivors (3072K)
 Metaspace       used 59604K, committed 59840K, reserved 1114112K
  class space    used 7042K, committed 7168K, reserved 1048576K
}
Event: 21.238 GC heap after
{Heap after GC invocations=35 (full 0):
 garbage-first heap   total 101376K, used 59177K [0x00000000a1e00000, 0x0000000100000000)
  region size 1024K, 3 young (3072K), 3 survivors (3072K)
 Metaspace       used 59604K, committed 59840K, reserved 1114112K
  class space    used 7042K, committed 7168K, reserved 1048576K
}
Event: 21.247 GC heap before
{Heap before GC invocations=35 (full 0):
 garbage-first heap   total 101376K, used 60201K [0x00000000a1e00000, 0x0000000100000000)
  region size 1024K, 4 young (4096K), 3 survivors (3072K)
 Metaspace       used 59611K, committed 59840K, reserved 1114112K
  class space    used 7042K, committed 7168K, reserved 1048576K
}
Event: 21.257 GC heap after
{Heap after GC invocations=36 (full 0):
 garbage-first heap   total 195584K, used 59307K [0x00000000a1e00000, 0x0000000100000000)
  region size 1024K, 1 young (1024K), 1 survivors (1024K)
 Metaspace       used 59611K, committed 59840K, reserved 1114112K
  class space    used 7042K, committed 7168K, reserved 1048576K
}
Event: 26.258 GC heap before
{Heap before GC invocations=36 (full 0):
 garbage-first heap   total 195584K, used 136107K [0x00000000a1e00000, 0x0000000100000000)
  region size 1024K, 74 young (75776K), 1 survivors (1024K)
 Metaspace       used 65698K, committed 65984K, reserved 1114112K
  class space    used 7714K, committed 7872K, reserved 1048576K
}
Event: 26.296 GC heap after
{Heap after GC invocations=37 (full 0):
 garbage-first heap   total 195584K, used 67828K [0x00000000a1e00000, 0x0000000100000000)
  region size 1024K, 7 young (7168K), 7 survivors (7168K)
 Metaspace       used 65698K, committed 65984K, reserved 1114112K
  class space    used 7714K, committed 7872K, reserved 1048576K
}
Event: 30.813 GC heap before
{Heap before GC invocations=37 (full 0):
 garbage-first heap   total 195584K, used 144628K [0x00000000a1e00000, 0x0000000100000000)
  region size 1024K, 81 young (82944K), 7 survivors (7168K)
 Metaspace       used 69423K, committed 69760K, reserved 1114112K
  class space    used 8084K, committed 8256K, reserved 1048576K
}
Event: 30.841 GC heap after
{Heap after GC invocations=38 (full 0):
 garbage-first heap   total 195584K, used 77448K [0x00000000a1e00000, 0x0000000100000000)
  region size 1024K, 10 young (10240K), 10 survivors (10240K)
 Metaspace       used 69423K, committed 69760K, reserved 1114112K
  class space    used 8084K, committed 8256K, reserved 1048576K
}
Event: 38.353 GC heap before
{Heap before GC invocations=38 (full 0):
 garbage-first heap   total 195584K, used 147080K [0x00000000a1e00000, 0x0000000100000000)
  region size 1024K, 78 young (79872K), 10 survivors (10240K)
 Metaspace       used 70818K, committed 71168K, reserved 1114112K
  class space    used 8123K, committed 8320K, reserved 1048576K
}
Event: 38.393 GC heap after
{Heap after GC invocations=39 (full 0):
 garbage-first heap   total 195584K, used 87804K [0x00000000a1e00000, 0x0000000100000000)
  region size 1024K, 10 young (10240K), 10 survivors (10240K)
 Metaspace       used 70818K, committed 71168K, reserved 1114112K
  class space    used 8123K, committed 8320K, reserved 1048576K
}
Event: 49.011 GC heap before
{Heap before GC invocations=39 (full 0):
 garbage-first heap   total 195584K, used 150268K [0x00000000a1e00000, 0x0000000100000000)
  region size 1024K, 71 young (72704K), 10 survivors (10240K)
 Metaspace       used 72065K, committed 72512K, reserved 1114112K
  class space    used 8259K, committed 8512K, reserved 1048576K
}
Event: 49.296 GC heap after
{Heap after GC invocations=40 (full 0):
 garbage-first heap   total 195584K, used 95145K [0x00000000a1e00000, 0x0000000100000000)
  region size 1024K, 7 young (7168K), 7 survivors (7168K)
 Metaspace       used 72065K, committed 72512K, reserved 1114112K
  class space    used 8259K, committed 8512K, reserved 1048576K
}
Event: 54.666 GC heap before
{Heap before GC invocations=40 (full 0):
 garbage-first heap   total 195584K, used 154537K [0x00000000a1e00000, 0x0000000100000000)
  region size 1024K, 65 young (66560K), 7 survivors (7168K)
 Metaspace       used 73109K, committed 73536K, reserved 1179648K
  class space    used 8308K, committed 8576K, reserved 1048576K
}
Event: 54.706 GC heap after
{Heap after GC invocations=41 (full 0):
 garbage-first heap   total 195584K, used 98213K [0x00000000a1e00000, 0x0000000100000000)
  region size 1024K, 3 young (3072K), 3 survivors (3072K)
 Metaspace       used 73109K, committed 73536K, reserved 1179648K
  class space    used 8308K, committed 8576K, reserved 1048576K
}
Event: 59.232 GC heap before
{Heap before GC invocations=41 (full 0):
 garbage-first heap   total 195584K, used 157605K [0x00000000a1e00000, 0x0000000100000000)
  region size 1024K, 61 young (62464K), 3 survivors (3072K)
 Metaspace       used 79484K, committed 79936K, reserved 1179648K
  class space    used 8938K, committed 9152K, reserved 1048576K
}
Event: 59.785 GC heap after
{Heap after GC invocations=42 (full 0):
 garbage-first heap   total 195584K, used 104793K [0x00000000a1e00000, 0x0000000100000000)
  region size 1024K, 8 young (8192K), 8 survivors (8192K)
 Metaspace       used 79484K, committed 79936K, reserved 1179648K
  class space    used 8938K, committed 9152K, reserved 1048576K
}
Event: 59.969 GC heap before
{Heap before GC invocations=42 (full 0):
 garbage-first heap   total 195584K, used 105817K [0x00000000a1e00000, 0x0000000100000000)
  region size 1024K, 9 young (9216K), 8 survivors (8192K)
 Metaspace       used 79501K, committed 79936K, reserved 1179648K
  class space    used 8938K, committed 9152K, reserved 1048576K
}
Event: 60.004 GC heap after
{Heap after GC invocations=43 (full 0):
 garbage-first heap   total 195584K, used 106520K [0x00000000a1e00000, 0x0000000100000000)
  region size 1024K, 2 young (2048K), 2 survivors (2048K)
 Metaspace       used 79501K, committed 79936K, reserved 1179648K
  class space    used 8938K, committed 9152K, reserved 1048576K
}
Event: 68.463 GC heap before
{Heap before GC invocations=43 (full 0):
 garbage-first heap   total 195584K, used 153624K [0x00000000a1e00000, 0x0000000100000000)
  region size 1024K, 48 young (49152K), 2 survivors (2048K)
 Metaspace       used 82013K, committed 82432K, reserved 1179648K
  class space    used 9188K, committed 9408K, reserved 1048576K
}

