# JRE version: OpenJDK Runtime Environment (17.0.7) (build 17.0.7+0-b2043.56-10550314)
# Java VM: OpenJDK 64-Bit Server VM (17.0.7+0-b2043.56-10550314, mixed mode, tiered, compressed oops, compressed class ptrs, g1 gc, windows-amd64)
GC Precious Log:
 CPUs: 8 total, 8 available
 Memory: 6020M
 Large Page Support: Disabled
 NUMA Support: Disabled
 Compressed Oops: Enabled (32-bit)
 Heap Region Size: 1M
 Heap Min Capacity: 8M
 Heap Initial Capacity: 96M
 Heap Max Capacity: 2G
 Pre-touch: Disabled
 Parallel Workers: 8
 Concurrent Workers: 2
 Concurrent Refinement Workers: 8
 Periodic GC: Disabled
Heap:
 garbage-first heap   total 470016K, used 264975K [0x0000000080000000, 0x0000000100000000)
  region size 1024K, 26 young (26624K), 5 survivors (5120K)
 Metaspace       used 130653K, committed 131520K, reserved 1179648K
  class space    used 17568K, committed 17984K, reserved 1048576K
GC Heap History (20 events):
Event: 35.193 GC heap before
{Heap before GC invocations=53 (full 0):
 garbage-first heap   total 299008K, used 236412K [0x0000000080000000, 0x0000000100000000)
  region size 1024K, 119 young (121856K), 11 survivors (11264K)
 Metaspace       used 101426K, committed 102272K, reserved 1179648K
  class space    used 14028K, committed 14464K, reserved 1048576K
}
Event: 35.333 GC heap after
{Heap after GC invocations=54 (full 0):
 garbage-first heap   total 299008K, used 133187K [0x0000000080000000, 0x0000000100000000)
  region size 1024K, 10 young (10240K), 10 survivors (10240K)
 Metaspace       used 101426K, committed 102272K, reserved 1179648K
  class space    used 14028K, committed 14464K, reserved 1048576K
}
Event: 37.574 GC heap before
{Heap before GC invocations=54 (full 0):
 garbage-first heap   total 299008K, used 239683K [0x0000000080000000, 0x0000000100000000)
  region size 1024K, 115 young (117760K), 10 survivors (10240K)
 Metaspace       used 101670K, committed 102464K, reserved 1179648K
  class space    used 14068K, committed 14464K, reserved 1048576K
}
Event: 37.626 GC heap after
{Heap after GC invocations=55 (full 0):
 garbage-first heap   total 299008K, used 139736K [0x0000000080000000, 0x0000000100000000)
  region size 1024K, 9 young (9216K), 9 survivors (9216K)
 Metaspace       used 101670K, committed 102464K, reserved 1179648K
  class space    used 14068K, committed 14464K, reserved 1048576K
}
Event: 40.251 GC heap before
{Heap before GC invocations=55 (full 0):
 garbage-first heap   total 299008K, used 243160K [0x0000000080000000, 0x0000000100000000)
  region size 1024K, 109 young (111616K), 9 survivors (9216K)
 Metaspace       used 102659K, committed 103488K, reserved 1179648K
  class space    used 14213K, committed 14656K, reserved 1048576K
}
Event: 40.290 GC heap after
{Heap after GC invocations=56 (full 0):
 garbage-first heap   total 299008K, used 143280K [0x0000000080000000, 0x0000000100000000)
  region size 1024K, 6 young (6144K), 6 survivors (6144K)
 Metaspace       used 102659K, committed 103488K, reserved 1179648K
  class space    used 14213K, committed 14656K, reserved 1048576K
}
Event: 42.770 GC heap before
{Heap before GC invocations=56 (full 0):
 garbage-first heap   total 299008K, used 245680K [0x0000000080000000, 0x0000000100000000)
  region size 1024K, 105 young (107520K), 6 survivors (6144K)
 Metaspace       used 105856K, committed 106688K, reserved 1179648K
  class space    used 14548K, committed 14976K, reserved 1048576K
}
Event: 42.811 GC heap after
{Heap after GC invocations=57 (full 0):
 garbage-first heap   total 299008K, used 147563K [0x0000000080000000, 0x0000000100000000)
  region size 1024K, 10 young (10240K), 10 survivors (10240K)
 Metaspace       used 105856K, committed 106688K, reserved 1179648K
  class space    used 14548K, committed 14976K, reserved 1048576K
}
Event: 45.445 GC heap before
{Heap before GC invocations=57 (full 0):
 garbage-first heap   total 299008K, used 246891K [0x0000000080000000, 0x0000000100000000)
  region size 1024K, 106 young (108544K), 10 survivors (10240K)
 Metaspace       used 109966K, committed 110848K, reserved 1179648K
  class space    used 15024K, committed 15424K, reserved 1048576K
}
Event: 45.486 GC heap after
{Heap after GC invocations=58 (full 0):
 garbage-first heap   total 299008K, used 151479K [0x0000000080000000, 0x0000000100000000)
  region size 1024K, 11 young (11264K), 11 survivors (11264K)
 Metaspace       used 109966K, committed 110848K, reserved 1179648K
  class space    used 15024K, committed 15424K, reserved 1048576K
}
Event: 49.675 GC heap before
{Heap before GC invocations=58 (full 0):
 garbage-first heap   total 299008K, used 255927K [0x0000000080000000, 0x0000000100000000)
  region size 1024K, 105 young (107520K), 11 survivors (11264K)
 Metaspace       used 113726K, committed 114496K, reserved 1179648K
  class space    used 15291K, committed 15680K, reserved 1048576K
}
Event: 49.768 GC heap after
{Heap after GC invocations=59 (full 0):
 garbage-first heap   total 299008K, used 175250K [0x0000000080000000, 0x0000000100000000)
  region size 1024K, 14 young (14336K), 14 survivors (14336K)
 Metaspace       used 113726K, committed 114496K, reserved 1179648K
  class space    used 15291K, committed 15680K, reserved 1048576K
}
Event: 52.741 GC heap before
{Heap before GC invocations=59 (full 0):
 garbage-first heap   total 299008K, used 243858K [0x0000000080000000, 0x0000000100000000)
  region size 1024K, 80 young (81920K), 14 survivors (14336K)
 Metaspace       used 122383K, committed 123264K, reserved 1179648K
  class space    used 16354K, committed 16768K, reserved 1048576K
}
Event: 52.793 GC heap after
{Heap after GC invocations=60 (full 0):
 garbage-first heap   total 299008K, used 193878K [0x0000000080000000, 0x0000000100000000)
  region size 1024K, 10 young (10240K), 10 survivors (10240K)
 Metaspace       used 122383K, committed 123264K, reserved 1179648K
  class space    used 16354K, committed 16768K, reserved 1048576K
}
Event: 53.420 GC heap before
{Heap before GC invocations=60 (full 0):
 garbage-first heap   total 299008K, used 245078K [0x0000000080000000, 0x0000000100000000)
  region size 1024K, 60 young (61440K), 10 survivors (10240K)
 Metaspace       used 122776K, committed 123584K, reserved 1179648K
  class space    used 16385K, committed 16768K, reserved 1048576K
}
Event: 53.453 GC heap after
{Heap after GC invocations=61 (full 0):
 garbage-first heap   total 299008K, used 237351K [0x0000000080000000, 0x0000000100000000)
  region size 1024K, 8 young (8192K), 8 survivors (8192K)
 Metaspace       used 122776K, committed 123584K, reserved 1179648K
  class space    used 16385K, committed 16768K, reserved 1048576K
}
Event: 53.999 GC heap before
{Heap before GC invocations=61 (full 0):
 garbage-first heap   total 299008K, used 250663K [0x0000000080000000, 0x0000000100000000)
  region size 1024K, 21 young (21504K), 8 survivors (8192K)
 Metaspace       used 124662K, committed 125504K, reserved 1179648K
  class space    used 16690K, committed 17088K, reserved 1048576K
}
Event: 54.024 GC heap after
{Heap after GC invocations=62 (full 0):
 garbage-first heap   total 359424K, used 241746K [0x0000000080000000, 0x0000000100000000)
  region size 1024K, 2 young (2048K), 2 survivors (2048K)
 Metaspace       used 124662K, committed 125504K, reserved 1179648K
  class space    used 16690K, committed 17088K, reserved 1048576K
}
Event: 56.502 GC heap before
{Heap before GC invocations=62 (full 0):
 garbage-first heap   total 470016K, used 281682K [0x0000000080000000, 0x0000000100000000)
  region size 1024K, 41 young (41984K), 2 survivors (2048K)
 Metaspace       used 129490K, committed 130304K, reserved 1179648K
  class space    used 17340K, committed 17728K, reserved 1048576K
}
Event: 56.529 GC heap after
{Heap after GC invocations=63 (full 0):
 garbage-first heap   total 470016K, used 244495K [0x0000000080000000, 0x0000000100000000)
  region size 1024K, 5 young (5120K), 5 survivors (5120K)
 Metaspace       used 129490K, committed 130304K, reserved 1179648K
  class space    used 17340K, committed 17728K, reserved 1048576K
}

