# JRE version: OpenJDK Runtime Environment (17.0.7) (build 17.0.7+0-b2043.56-10550314)
# Java VM: OpenJDK 64-Bit Server VM (17.0.7+0-b2043.56-10550314, mixed mode, tiered, compressed oops, compressed class ptrs, g1 gc, windows-amd64)
GC Precious Log:
 CPUs: 8 total, 8 available
 Memory: 6020M
 Large Page Support: Disabled
 NUMA Support: Disabled
 Compressed Oops: Enabled (32-bit)
 Heap Region Size: 1M
 Heap Min Capacity: 8M
 Heap Initial Capacity: 96M
 Heap Max Capacity: 1506M
 Pre-touch: Disabled
 Parallel Workers: 8
 Concurrent Workers: 2
 Concurrent Refinement Workers: 8
 Periodic GC: Disabled
Heap:
 garbage-first heap   total 427008K, used 330072K [0x00000000a1e00000, 0x0000000100000000)
  region size 1024K, 81 young (82944K), 12 survivors (12288K)
 Metaspace       used 98055K, committed 98496K, reserved 1179648K
  class space    used 10391K, committed 10624K, reserved 1048576K
GC Heap History (20 events):
Event: 75.053 GC heap before
{Heap before GC invocations=46 (full 0):
 garbage-first heap   total 315392K, used 268539K [0x00000000a1e00000, 0x0000000100000000)
  region size 1024K, 74 young (75776K), 10 survivors (10240K)
 Metaspace       used 82721K, committed 83136K, reserved 1179648K
  class space    used 8988K, committed 9216K, reserved 1048576K
}
Event: 75.104 GC heap after
{Heap after GC invocations=47 (full 0):
 garbage-first heap   total 315392K, used 213451K [0x00000000a1e00000, 0x0000000100000000)
  region size 1024K, 10 young (10240K), 10 survivors (10240K)
 Metaspace       used 82721K, committed 83136K, reserved 1179648K
  class space    used 8988K, committed 9216K, reserved 1048576K
}
Event: 76.268 GC heap before
{Heap before GC invocations=47 (full 0):
 garbage-first heap   total 315392K, used 266699K [0x00000000a1e00000, 0x0000000100000000)
  region size 1024K, 62 young (63488K), 10 survivors (10240K)
 Metaspace       used 84335K, committed 84800K, reserved 1179648K
  class space    used 9179K, committed 9408K, reserved 1048576K
}
Event: 76.288 GC heap after
{Heap after GC invocations=48 (full 0):
 garbage-first heap   total 315392K, used 220874K [0x00000000a1e00000, 0x0000000100000000)
  region size 1024K, 7 young (7168K), 7 survivors (7168K)
 Metaspace       used 84335K, committed 84800K, reserved 1179648K
  class space    used 9179K, committed 9408K, reserved 1048576K
}
Event: 77.208 GC heap before
{Heap before GC invocations=48 (full 0):
 garbage-first heap   total 315392K, used 267978K [0x00000000a1e00000, 0x0000000100000000)
  region size 1024K, 53 young (54272K), 7 survivors (7168K)
 Metaspace       used 85199K, committed 85632K, reserved 1179648K
  class space    used 9243K, committed 9472K, reserved 1048576K
}
Event: 77.228 GC heap after
{Heap after GC invocations=49 (full 0):
 garbage-first heap   total 315392K, used 228413K [0x00000000a1e00000, 0x0000000100000000)
  region size 1024K, 7 young (7168K), 7 survivors (7168K)
 Metaspace       used 85199K, committed 85632K, reserved 1179648K
  class space    used 9243K, committed 9472K, reserved 1048576K
}
Event: 77.850 GC heap before
{Heap before GC invocations=49 (full 0):
 garbage-first heap   total 315392K, used 267325K [0x00000000a1e00000, 0x0000000100000000)
  region size 1024K, 45 young (46080K), 7 survivors (7168K)
 Metaspace       used 85442K, committed 85888K, reserved 1179648K
  class space    used 9249K, committed 9472K, reserved 1048576K
}
Event: 77.877 GC heap after
{Heap after GC invocations=50 (full 0):
 garbage-first heap   total 315392K, used 248014K [0x00000000a1e00000, 0x0000000100000000)
  region size 1024K, 6 young (6144K), 6 survivors (6144K)
 Metaspace       used 85442K, committed 85888K, reserved 1179648K
  class space    used 9249K, committed 9472K, reserved 1048576K
}
Event: 78.825 GC heap before
{Heap before GC invocations=50 (full 0):
 garbage-first heap   total 315392K, used 267470K [0x00000000a1e00000, 0x0000000100000000)
  region size 1024K, 25 young (25600K), 6 survivors (6144K)
 Metaspace       used 85657K, committed 86080K, reserved 1179648K
  class space    used 9257K, committed 9472K, reserved 1048576K
}
Event: 78.840 GC heap after
{Heap after GC invocations=51 (full 0):
 garbage-first heap   total 315392K, used 252355K [0x00000000a1e00000, 0x0000000100000000)
  region size 1024K, 4 young (4096K), 4 survivors (4096K)
 Metaspace       used 85657K, committed 86080K, reserved 1179648K
  class space    used 9257K, committed 9472K, reserved 1048576K
}
Event: 79.457 GC heap before
{Heap before GC invocations=51 (full 0):
 garbage-first heap   total 315392K, used 269763K [0x00000000a1e00000, 0x0000000100000000)
  region size 1024K, 21 young (21504K), 4 survivors (4096K)
 Metaspace       used 86973K, committed 87424K, reserved 1179648K
  class space    used 9410K, committed 9664K, reserved 1048576K
}
Event: 79.467 GC heap after
{Heap after GC invocations=52 (full 0):
 garbage-first heap   total 315392K, used 254030K [0x00000000a1e00000, 0x0000000100000000)
  region size 1024K, 2 young (2048K), 2 survivors (2048K)
 Metaspace       used 86973K, committed 87424K, reserved 1179648K
  class space    used 9410K, committed 9664K, reserved 1048576K
}
Event: 80.241 GC heap before
{Heap before GC invocations=53 (full 0):
 garbage-first heap   total 427008K, used 268366K [0x00000000a1e00000, 0x0000000100000000)
  region size 1024K, 19 young (19456K), 2 survivors (2048K)
 Metaspace       used 88441K, committed 88896K, reserved 1179648K
  class space    used 9550K, committed 9792K, reserved 1048576K
}
Event: 80.247 GC heap after
{Heap after GC invocations=54 (full 0):
 garbage-first heap   total 427008K, used 252903K [0x00000000a1e00000, 0x0000000100000000)
  region size 1024K, 3 young (3072K), 3 survivors (3072K)
 Metaspace       used 88441K, committed 88896K, reserved 1179648K
  class space    used 9550K, committed 9792K, reserved 1048576K
}
Event: 80.956 GC heap before
{Heap before GC invocations=54 (full 0):
 garbage-first heap   total 427008K, used 269287K [0x00000000a1e00000, 0x0000000100000000)
  region size 1024K, 20 young (20480K), 3 survivors (3072K)
 Metaspace       used 91057K, committed 91520K, reserved 1179648K
  class space    used 9821K, committed 10048K, reserved 1048576K
}
Event: 80.971 GC heap after
{Heap after GC invocations=55 (full 0):
 garbage-first heap   total 427008K, used 249771K [0x00000000a1e00000, 0x0000000100000000)
  region size 1024K, 2 young (2048K), 2 survivors (2048K)
 Metaspace       used 91057K, committed 91520K, reserved 1179648K
  class space    used 9821K, committed 10048K, reserved 1048576K
}
Event: 84.417 GC heap before
{Heap before GC invocations=55 (full 0):
 garbage-first heap   total 427008K, used 334763K [0x00000000a1e00000, 0x0000000100000000)
  region size 1024K, 85 young (87040K), 2 survivors (2048K)
 Metaspace       used 96439K, committed 96896K, reserved 1179648K
  class space    used 10276K, committed 10496K, reserved 1048576K
}
Event: 84.434 GC heap after
{Heap after GC invocations=56 (full 0):
 garbage-first heap   total 427008K, used 254230K [0x00000000a1e00000, 0x0000000100000000)
  region size 1024K, 6 young (6144K), 6 survivors (6144K)
 Metaspace       used 96439K, committed 96896K, reserved 1179648K
  class space    used 10276K, committed 10496K, reserved 1048576K
}
Event: 86.091 GC heap before
{Heap before GC invocations=56 (full 0):
 garbage-first heap   total 427008K, used 342294K [0x00000000a1e00000, 0x0000000100000000)
  region size 1024K, 92 young (94208K), 6 survivors (6144K)
 Metaspace       used 96912K, committed 97344K, reserved 1179648K
  class space    used 10289K, committed 10496K, reserved 1048576K
}
Event: 86.113 GC heap after
{Heap after GC invocations=57 (full 0):
 garbage-first heap   total 427008K, used 260440K [0x00000000a1e00000, 0x0000000100000000)
  region size 1024K, 12 young (12288K), 12 survivors (12288K)
 Metaspace       used 96912K, committed 97344K, reserved 1179648K
  class space    used 10289K, committed 10496K, reserved 1048576K
}

