# JRE version: OpenJDK Runtime Environment (17.0.7) (build 17.0.7+0-b2043.56-10550314)
# Java VM: OpenJDK 64-Bit Server VM (17.0.7+0-b2043.56-10550314, mixed mode, tiered, compressed oops, compressed class ptrs, g1 gc, windows-amd64)
GC Precious Log:
 CPUs: 8 total, 8 available
 Memory: 6020M
 Large Page Support: Disabled
 NUMA Support: Disabled
 Compressed Oops: Enabled (32-bit)
 Heap Region Size: 1M
 Heap Min Capacity: 8M
 Heap Initial Capacity: 96M
 Heap Max Capacity: 1506M
 Pre-touch: Disabled
 Parallel Workers: 8
 Concurrent Workers: 2
 Concurrent Refinement Workers: 8
 Periodic GC: Disabled
Heap:
 garbage-first heap   total 326656K, used 208451K [0x00000000a1e00000, 0x0000000100000000)
  region size 1024K, 113 young (115712K), 15 survivors (15360K)
 Metaspace       used 71246K, committed 71616K, reserved 1114112K
  class space    used 8103K, committed 8256K, reserved 1048576K
GC Heap History (20 events):
Event: 13.960 GC heap before
{Heap before GC invocations=18 (full 0):
 garbage-first heap   total 72704K, used 46080K [0x00000000a1e00000, 0x0000000100000000)
  region size 1024K, 4 young (4096K), 3 survivors (3072K)
 Metaspace       used 51537K, committed 51776K, reserved 1114112K
  class space    used 6230K, committed 6336K, reserved 1048576K
}
Event: 13.974 GC heap after
{Heap after GC invocations=19 (full 0):
 garbage-first heap   total 72704K, used 44874K [0x00000000a1e00000, 0x0000000100000000)
  region size 1024K, 1 young (1024K), 1 survivors (1024K)
 Metaspace       used 51537K, committed 51776K, reserved 1114112K
  class space    used 6230K, committed 6336K, reserved 1048576K
}
Event: 14.254 GC heap before
{Heap before GC invocations=19 (full 0):
 garbage-first heap   total 72704K, used 56138K [0x00000000a1e00000, 0x0000000100000000)
  region size 1024K, 12 young (12288K), 1 survivors (1024K)
 Metaspace       used 51819K, committed 52032K, reserved 1114112K
  class space    used 6250K, committed 6336K, reserved 1048576K
}
Event: 14.263 GC heap after
{Heap after GC invocations=20 (full 0):
 garbage-first heap   total 162816K, used 45509K [0x00000000a1e00000, 0x0000000100000000)
  region size 1024K, 2 young (2048K), 2 survivors (2048K)
 Metaspace       used 51819K, committed 52032K, reserved 1114112K
  class space    used 6250K, committed 6336K, reserved 1048576K
}
Event: 18.483 GC heap before
{Heap before GC invocations=21 (full 0):
 garbage-first heap   total 160768K, used 115141K [0x00000000a1e00000, 0x0000000100000000)
  region size 1024K, 68 young (69632K), 2 survivors (2048K)
 Metaspace       used 58106K, committed 58368K, reserved 1114112K
  class space    used 6918K, committed 7040K, reserved 1048576K
}
Event: 18.516 GC heap after
{Heap after GC invocations=22 (full 0):
 garbage-first heap   total 160768K, used 59500K [0x00000000a1e00000, 0x0000000100000000)
  region size 1024K, 9 young (9216K), 9 survivors (9216K)
 Metaspace       used 58106K, committed 58368K, reserved 1114112K
  class space    used 6918K, committed 7040K, reserved 1048576K
}
Event: 18.541 GC heap before
{Heap before GC invocations=22 (full 0):
 garbage-first heap   total 160768K, used 60524K [0x00000000a1e00000, 0x0000000100000000)
  region size 1024K, 10 young (10240K), 9 survivors (9216K)
 Metaspace       used 58129K, committed 58432K, reserved 1114112K
  class space    used 6918K, committed 7040K, reserved 1048576K
}
Event: 18.557 GC heap after
{Heap after GC invocations=23 (full 0):
 garbage-first heap   total 160768K, used 60415K [0x00000000a1e00000, 0x0000000100000000)
  region size 1024K, 1 young (1024K), 1 survivors (1024K)
 Metaspace       used 58129K, committed 58432K, reserved 1114112K
  class space    used 6918K, committed 7040K, reserved 1048576K
}
Event: 20.509 GC heap before
{Heap before GC invocations=23 (full 0):
 garbage-first heap   total 160768K, used 114687K [0x00000000a1e00000, 0x0000000100000000)
  region size 1024K, 54 young (55296K), 1 survivors (1024K)
 Metaspace       used 60248K, committed 60544K, reserved 1114112K
  class space    used 7051K, committed 7232K, reserved 1048576K
}
Event: 20.537 GC heap after
{Heap after GC invocations=24 (full 0):
 garbage-first heap   total 160768K, used 72184K [0x00000000a1e00000, 0x0000000100000000)
  region size 1024K, 7 young (7168K), 7 survivors (7168K)
 Metaspace       used 60248K, committed 60544K, reserved 1114112K
  class space    used 7051K, committed 7232K, reserved 1048576K
}
Event: 21.269 GC heap before
{Heap before GC invocations=24 (full 0):
 garbage-first heap   total 160768K, used 119288K [0x00000000a1e00000, 0x0000000100000000)
  region size 1024K, 53 young (54272K), 7 survivors (7168K)
 Metaspace       used 60585K, committed 60864K, reserved 1114112K
  class space    used 7056K, committed 7232K, reserved 1048576K
}
Event: 21.308 GC heap after
{Heap after GC invocations=25 (full 0):
 garbage-first heap   total 160768K, used 80258K [0x00000000a1e00000, 0x0000000100000000)
  region size 1024K, 7 young (7168K), 7 survivors (7168K)
 Metaspace       used 60585K, committed 60864K, reserved 1114112K
  class space    used 7056K, committed 7232K, reserved 1048576K
}
Event: 21.754 GC heap before
{Heap before GC invocations=25 (full 0):
 garbage-first heap   total 160768K, used 122242K [0x00000000a1e00000, 0x0000000100000000)
  region size 1024K, 48 young (49152K), 7 survivors (7168K)
 Metaspace       used 60748K, committed 61120K, reserved 1114112K
  class space    used 7059K, committed 7232K, reserved 1048576K
}
Event: 21.795 GC heap after
{Heap after GC invocations=26 (full 0):
 garbage-first heap   total 160768K, used 87998K [0x00000000a1e00000, 0x0000000100000000)
  region size 1024K, 6 young (6144K), 6 survivors (6144K)
 Metaspace       used 60748K, committed 61120K, reserved 1114112K
  class space    used 7059K, committed 7232K, reserved 1048576K
}
Event: 22.788 GC heap before
{Heap before GC invocations=26 (full 0):
 garbage-first heap   total 160768K, used 125886K [0x00000000a1e00000, 0x0000000100000000)
  region size 1024K, 43 young (44032K), 6 survivors (6144K)
 Metaspace       used 62085K, committed 62400K, reserved 1114112K
  class space    used 7217K, committed 7360K, reserved 1048576K
}
Event: 22.807 GC heap after
{Heap after GC invocations=27 (full 0):
 garbage-first heap   total 160768K, used 94208K [0x00000000a1e00000, 0x0000000100000000)
  region size 1024K, 5 young (5120K), 5 survivors (5120K)
 Metaspace       used 62085K, committed 62400K, reserved 1114112K
  class space    used 7217K, committed 7360K, reserved 1048576K
}
Event: 23.383 GC heap before
{Heap before GC invocations=27 (full 0):
 garbage-first heap   total 160768K, used 128000K [0x00000000a1e00000, 0x0000000100000000)
  region size 1024K, 38 young (38912K), 5 survivors (5120K)
 Metaspace       used 63817K, committed 64192K, reserved 1114112K
  class space    used 7495K, committed 7680K, reserved 1048576K
}
Event: 23.398 GC heap after
{Heap after GC invocations=28 (full 0):
 garbage-first heap   total 326656K, used 94643K [0x00000000a1e00000, 0x0000000100000000)
  region size 1024K, 1 young (1024K), 1 survivors (1024K)
 Metaspace       used 63817K, committed 64192K, reserved 1114112K
  class space    used 7495K, committed 7680K, reserved 1048576K
}
Event: 31.418 GC heap before
{Heap before GC invocations=28 (full 0):
 garbage-first heap   total 326656K, used 238003K [0x00000000a1e00000, 0x0000000100000000)
  region size 1024K, 141 young (144384K), 1 survivors (1024K)
 Metaspace       used 69541K, committed 69888K, reserved 1114112K
  class space    used 7898K, committed 8064K, reserved 1048576K
}
Event: 31.448 GC heap after
{Heap after GC invocations=29 (full 0):
 garbage-first heap   total 326656K, used 108099K [0x00000000a1e00000, 0x0000000100000000)
  region size 1024K, 15 young (15360K), 15 survivors (15360K)
 Metaspace       used 69541K, committed 69888K, reserved 1114112K
  class space    used 7898K, committed 8064K, reserved 1048576K
}

