# JRE version: OpenJDK Runtime Environment (17.0.7) (build 17.0.7+0-b2043.56-10550314)
# Java VM: OpenJDK 64-Bit Server VM (17.0.7+0-b2043.56-10550314, mixed mode, tiered, compressed oops, compressed class ptrs, g1 gc, windows-amd64)
GC Precious Log:
 CPUs: 8 total, 8 available
 Memory: 6020M
 Large Page Support: Disabled
 NUMA Support: Disabled
 Compressed Oops: Enabled (32-bit)
 Heap Region Size: 1M
 Heap Min Capacity: 8M
 Heap Initial Capacity: 96M
 Heap Max Capacity: 2G
 Pre-touch: Disabled
 Parallel Workers: 8
 Concurrent Workers: 2
 Concurrent Refinement Workers: 8
 Periodic GC: Disabled
Heap:
 garbage-first heap   total 382976K, used 144193K [0x0000000080000000, 0x0000000100000000)
  region size 1024K, 7 young (7168K), 7 survivors (7168K)
 Metaspace       used 103262K, committed 104064K, reserved 1179648K
  class space    used 14332K, committed 14720K, reserved 1048576K
GC Heap History (20 events):
Event: 27.430 GC heap after
{Heap after GC invocations=61 (full 0):
 garbage-first heap   total 178176K, used 89724K [0x0000000080000000, 0x0000000100000000)
  region size 1024K, 4 young (4096K), 4 survivors (4096K)
 Metaspace       used 87661K, committed 88320K, reserved 1179648K
  class space    used 12079K, committed 12352K, reserved 1048576K
}
Event: 28.097 GC heap before
{Heap before GC invocations=62 (full 0):
 garbage-first heap   total 178176K, used 140924K [0x0000000080000000, 0x0000000100000000)
  region size 1024K, 54 young (55296K), 4 survivors (4096K)
 Metaspace       used 89872K, committed 90560K, reserved 1179648K
  class space    used 12436K, committed 12736K, reserved 1048576K
}
Event: 28.104 GC heap after
{Heap after GC invocations=63 (full 0):
 garbage-first heap   total 178176K, used 93457K [0x0000000080000000, 0x0000000100000000)
  region size 1024K, 7 young (7168K), 7 survivors (7168K)
 Metaspace       used 89872K, committed 90560K, reserved 1179648K
  class space    used 12436K, committed 12736K, reserved 1048576K
}
Event: 28.141 GC heap before
{Heap before GC invocations=63 (full 0):
 garbage-first heap   total 178176K, used 94481K [0x0000000080000000, 0x0000000100000000)
  region size 1024K, 8 young (8192K), 7 survivors (7168K)
 Metaspace       used 89941K, committed 90624K, reserved 1179648K
  class space    used 12436K, committed 12736K, reserved 1048576K
}
Event: 28.176 GC heap after
{Heap after GC invocations=64 (full 0):
 garbage-first heap   total 178176K, used 93854K [0x0000000080000000, 0x0000000100000000)
  region size 1024K, 1 young (1024K), 1 survivors (1024K)
 Metaspace       used 89941K, committed 90624K, reserved 1179648K
  class space    used 12436K, committed 12736K, reserved 1048576K
}
Event: 29.090 GC heap before
{Heap before GC invocations=64 (full 0):
 garbage-first heap   total 178176K, used 143006K [0x0000000080000000, 0x0000000100000000)
  region size 1024K, 49 young (50176K), 1 survivors (1024K)
 Metaspace       used 93742K, committed 94528K, reserved 1179648K
  class space    used 13030K, committed 13376K, reserved 1048576K
}
Event: 29.100 GC heap after
{Heap after GC invocations=65 (full 0):
 garbage-first heap   total 382976K, used 96196K [0x0000000080000000, 0x0000000100000000)
  region size 1024K, 4 young (4096K), 4 survivors (4096K)
 Metaspace       used 93742K, committed 94528K, reserved 1179648K
  class space    used 13030K, committed 13376K, reserved 1048576K
}
Event: 35.042 GC heap before
{Heap before GC invocations=66 (full 0):
 garbage-first heap   total 342016K, used 290756K [0x0000000080000000, 0x0000000100000000)
  region size 1024K, 194 young (198656K), 4 survivors (4096K)
 Metaspace       used 100604K, committed 101440K, reserved 1179648K
  class space    used 13977K, committed 14400K, reserved 1048576K
}
Event: 35.203 GC heap after
{Heap after GC invocations=67 (full 0):
 garbage-first heap   total 342016K, used 118966K [0x0000000080000000, 0x0000000100000000)
  region size 1024K, 25 young (25600K), 25 survivors (25600K)
 Metaspace       used 100604K, committed 101440K, reserved 1179648K
  class space    used 13977K, committed 14400K, reserved 1048576K
}
Event: 35.222 GC heap before
{Heap before GC invocations=67 (full 0):
 garbage-first heap   total 342016K, used 119990K [0x0000000080000000, 0x0000000100000000)
  region size 1024K, 26 young (26624K), 25 survivors (25600K)
 Metaspace       used 100606K, committed 101440K, reserved 1179648K
  class space    used 13977K, committed 14400K, reserved 1048576K
}
Event: 35.397 GC heap after
{Heap after GC invocations=68 (full 0):
 garbage-first heap   total 342016K, used 120824K [0x0000000080000000, 0x0000000100000000)
  region size 1024K, 3 young (3072K), 3 survivors (3072K)
 Metaspace       used 100606K, committed 101440K, reserved 1179648K
  class space    used 13977K, committed 14400K, reserved 1048576K
}
Event: 39.084 GC heap before
{Heap before GC invocations=68 (full 0):
 garbage-first heap   total 342016K, used 245752K [0x0000000080000000, 0x0000000100000000)
  region size 1024K, 125 young (128000K), 3 survivors (3072K)
 Metaspace       used 101342K, committed 102144K, reserved 1179648K
  class space    used 14015K, committed 14400K, reserved 1048576K
}
Event: 39.098 GC heap after
{Heap after GC invocations=69 (full 0):
 garbage-first heap   total 342016K, used 128392K [0x0000000080000000, 0x0000000100000000)
  region size 1024K, 10 young (10240K), 10 survivors (10240K)
 Metaspace       used 101342K, committed 102144K, reserved 1179648K
  class space    used 14015K, committed 14400K, reserved 1048576K
}
Event: 39.407 GC heap before
{Heap before GC invocations=69 (full 0):
 garbage-first heap   total 342016K, used 167304K [0x0000000080000000, 0x0000000100000000)
  region size 1024K, 50 young (51200K), 10 survivors (10240K)
 Metaspace       used 101382K, committed 102208K, reserved 1179648K
  class space    used 14015K, committed 14400K, reserved 1048576K
}
Event: 39.422 GC heap after
{Heap after GC invocations=70 (full 0):
 garbage-first heap   total 342016K, used 131380K [0x0000000080000000, 0x0000000100000000)
  region size 1024K, 5 young (5120K), 5 survivors (5120K)
 Metaspace       used 101382K, committed 102208K, reserved 1179648K
  class space    used 14015K, committed 14400K, reserved 1048576K
}
Event: 41.475 GC heap before
{Heap before GC invocations=71 (full 0):
 garbage-first heap   total 342016K, used 262452K [0x0000000080000000, 0x0000000100000000)
  region size 1024K, 133 young (136192K), 5 survivors (5120K)
 Metaspace       used 101642K, committed 102464K, reserved 1179648K
  class space    used 14053K, committed 14464K, reserved 1048576K
}
Event: 41.520 GC heap after
{Heap after GC invocations=72 (full 0):
 garbage-first heap   total 342016K, used 138955K [0x0000000080000000, 0x0000000100000000)
  region size 1024K, 12 young (12288K), 12 survivors (12288K)
 Metaspace       used 101642K, committed 102464K, reserved 1179648K
  class space    used 14053K, committed 14464K, reserved 1048576K
}
Event: 41.548 GC heap before
{Heap before GC invocations=72 (full 0):
 garbage-first heap   total 342016K, used 142027K [0x0000000080000000, 0x0000000100000000)
  region size 1024K, 16 young (16384K), 12 survivors (12288K)
 Metaspace       used 101642K, committed 102464K, reserved 1179648K
  class space    used 14053K, committed 14464K, reserved 1048576K
}
Event: 41.655 GC heap after
{Heap after GC invocations=73 (full 0):
 garbage-first heap   total 342016K, used 139312K [0x0000000080000000, 0x0000000100000000)
  region size 1024K, 2 young (2048K), 2 survivors (2048K)
 Metaspace       used 101642K, committed 102464K, reserved 1179648K
  class space    used 14053K, committed 14464K, reserved 1048576K
}
Event: 45.421 GC heap before
{Heap before GC invocations=73 (full 0):
 garbage-first heap   total 342016K, used 271408K [0x0000000080000000, 0x0000000100000000)
  region size 1024K, 130 young (133120K), 2 survivors (2048K)
 Metaspace       used 103262K, committed 104064K, reserved 1179648K
  class space    used 14332K, committed 14720K, reserved 1048576K
}

