# JRE version: OpenJDK Runtime Environment (17.0.7) (build 17.0.7+0-b2043.56-10550314)
# Java VM: OpenJDK 64-Bit Server VM (17.0.7+0-b2043.56-10550314, mixed mode, tiered, compressed oops, compressed class ptrs, g1 gc, windows-amd64)
GC Precious Log:
 CPUs: 8 total, 8 available
 Memory: 6020M
 Large Page Support: Disabled
 NUMA Support: Disabled
 Compressed Oops: Enabled (32-bit)
 Heap Region Size: 1M
 Heap Min Capacity: 8M
 Heap Initial Capacity: 96M
 Heap Max Capacity: 1506M
 Pre-touch: Disabled
 Parallel Workers: 8
 Concurrent Workers: 2
 Concurrent Refinement Workers: 8
 Periodic GC: Disabled
Heap:
 garbage-first heap   total 98304K, used 44654K [0x00000000a1e00000, 0x0000000100000000)
  region size 1024K, 1 young (1024K), 1 survivors (1024K)
 Metaspace       used 56885K, committed 57152K, reserved 1114112K
  class space    used 6884K, committed 7040K, reserved 1048576K
GC Heap History (20 events):
Event: 6.299 GC heap after
{Heap after GC invocations=11 (full 0):
 garbage-first heap   total 61440K, used 26390K [0x00000000a1e00000, 0x0000000100000000)
  region size 1024K, 3 young (3072K), 3 survivors (3072K)
 Metaspace       used 41212K, committed 41472K, reserved 1114112K
  class space    used 5091K, committed 5184K, reserved 1048576K
}
Event: 6.978 GC heap before
{Heap before GC invocations=11 (full 0):
 garbage-first heap   total 61440K, used 47894K [0x00000000a1e00000, 0x0000000100000000)
  region size 1024K, 22 young (22528K), 3 survivors (3072K)
 Metaspace       used 45970K, committed 46208K, reserved 1114112K
  class space    used 5630K, committed 5696K, reserved 1048576K
}
Event: 6.986 GC heap after
{Heap after GC invocations=12 (full 0):
 garbage-first heap   total 61440K, used 30334K [0x00000000a1e00000, 0x0000000100000000)
  region size 1024K, 2 young (2048K), 2 survivors (2048K)
 Metaspace       used 45970K, committed 46208K, reserved 1114112K
  class space    used 5630K, committed 5696K, reserved 1048576K
}
Event: 7.641 GC heap before
{Heap before GC invocations=12 (full 0):
 garbage-first heap   total 61440K, used 47742K [0x00000000a1e00000, 0x0000000100000000)
  region size 1024K, 19 young (19456K), 2 survivors (2048K)
 Metaspace       used 47830K, committed 48128K, reserved 1114112K
  class space    used 5840K, committed 6016K, reserved 1048576K
}
Event: 7.656 GC heap after
{Heap after GC invocations=13 (full 0):
 garbage-first heap   total 61440K, used 33411K [0x00000000a1e00000, 0x0000000100000000)
  region size 1024K, 3 young (3072K), 3 survivors (3072K)
 Metaspace       used 47830K, committed 48128K, reserved 1114112K
  class space    used 5840K, committed 6016K, reserved 1048576K
}
Event: 8.498 GC heap before
{Heap before GC invocations=14 (full 0):
 garbage-first heap   total 61440K, used 47747K [0x00000000a1e00000, 0x0000000100000000)
  region size 1024K, 17 young (17408K), 3 survivors (3072K)
 Metaspace       used 50493K, committed 50752K, reserved 1114112K
  class space    used 6156K, committed 6272K, reserved 1048576K
}
Event: 8.513 GC heap after
{Heap after GC invocations=15 (full 0):
 garbage-first heap   total 61440K, used 36348K [0x00000000a1e00000, 0x0000000100000000)
  region size 1024K, 3 young (3072K), 3 survivors (3072K)
 Metaspace       used 50493K, committed 50752K, reserved 1114112K
  class space    used 6156K, committed 6272K, reserved 1048576K
}
Event: 8.531 GC heap before
{Heap before GC invocations=15 (full 0):
 garbage-first heap   total 61440K, used 37372K [0x00000000a1e00000, 0x0000000100000000)
  region size 1024K, 4 young (4096K), 3 survivors (3072K)
 Metaspace       used 50512K, committed 50752K, reserved 1114112K
  class space    used 6156K, committed 6272K, reserved 1048576K
}
Event: 8.541 GC heap after
{Heap after GC invocations=16 (full 0):
 garbage-first heap   total 73728K, used 35237K [0x00000000a1e00000, 0x0000000100000000)
  region size 1024K, 1 young (1024K), 1 survivors (1024K)
 Metaspace       used 50512K, committed 50752K, reserved 1114112K
  class space    used 6156K, committed 6272K, reserved 1048576K
}
Event: 9.476 GC heap before
{Heap before GC invocations=16 (full 0):
 garbage-first heap   total 73728K, used 55717K [0x00000000a1e00000, 0x0000000100000000)
  region size 1024K, 21 young (21504K), 1 survivors (1024K)
 Metaspace       used 53232K, committed 53504K, reserved 1114112K
  class space    used 6471K, committed 6592K, reserved 1048576K
}
Event: 9.489 GC heap after
{Heap after GC invocations=17 (full 0):
 garbage-first heap   total 73728K, used 37788K [0x00000000a1e00000, 0x0000000100000000)
  region size 1024K, 3 young (3072K), 3 survivors (3072K)
 Metaspace       used 53232K, committed 53504K, reserved 1114112K
  class space    used 6471K, committed 6592K, reserved 1048576K
}
Event: 9.922 GC heap before
{Heap before GC invocations=18 (full 0):
 garbage-first heap   total 73728K, used 56220K [0x00000000a1e00000, 0x0000000100000000)
  region size 1024K, 21 young (21504K), 3 survivors (3072K)
 Metaspace       used 54488K, committed 54784K, reserved 1114112K
  class space    used 6577K, committed 6720K, reserved 1048576K
}
Event: 9.938 GC heap after
{Heap after GC invocations=19 (full 0):
 garbage-first heap   total 73728K, used 41511K [0x00000000a1e00000, 0x0000000100000000)
  region size 1024K, 3 young (3072K), 3 survivors (3072K)
 Metaspace       used 54488K, committed 54784K, reserved 1114112K
  class space    used 6577K, committed 6720K, reserved 1048576K
}
Event: 9.940 GC heap before
{Heap before GC invocations=19 (full 0):
 garbage-first heap   total 73728K, used 42535K [0x00000000a1e00000, 0x0000000100000000)
  region size 1024K, 4 young (4096K), 3 survivors (3072K)
 Metaspace       used 54488K, committed 54784K, reserved 1114112K
  class space    used 6577K, committed 6720K, reserved 1048576K
}
Event: 9.949 GC heap after
{Heap after GC invocations=20 (full 0):
 garbage-first heap   total 73728K, used 41535K [0x00000000a1e00000, 0x0000000100000000)
  region size 1024K, 1 young (1024K), 1 survivors (1024K)
 Metaspace       used 54488K, committed 54784K, reserved 1114112K
  class space    used 6577K, committed 6720K, reserved 1048576K
}
Event: 10.032 GC heap before
{Heap before GC invocations=20 (full 0):
 garbage-first heap   total 73728K, used 56895K [0x00000000a1e00000, 0x0000000100000000)
  region size 1024K, 16 young (16384K), 1 survivors (1024K)
 Metaspace       used 54519K, committed 54784K, reserved 1114112K
  class space    used 6577K, committed 6720K, reserved 1048576K
}
Event: 10.040 GC heap after
{Heap after GC invocations=21 (full 0):
 garbage-first heap   total 73728K, used 43649K [0x00000000a1e00000, 0x0000000100000000)
  region size 1024K, 2 young (2048K), 2 survivors (2048K)
 Metaspace       used 54519K, committed 54784K, reserved 1114112K
  class space    used 6577K, committed 6720K, reserved 1048576K
}
Event: 10.357 GC heap before
{Heap before GC invocations=22 (full 0):
 garbage-first heap   total 87040K, used 56961K [0x00000000a1e00000, 0x0000000100000000)
  region size 1024K, 16 young (16384K), 2 survivors (2048K)
 Metaspace       used 56259K, committed 56512K, reserved 1114112K
  class space    used 6799K, committed 6912K, reserved 1048576K
}
Event: 10.366 GC heap after
{Heap after GC invocations=23 (full 0):
 garbage-first heap   total 87040K, used 44596K [0x00000000a1e00000, 0x0000000100000000)
  region size 1024K, 1 young (1024K), 1 survivors (1024K)
 Metaspace       used 56259K, committed 56512K, reserved 1114112K
  class space    used 6799K, committed 6912K, reserved 1048576K
}
Event: 10.503 GC heap before
{Heap before GC invocations=23 (full 0):
 garbage-first heap   total 87040K, used 46644K [0x00000000a1e00000, 0x0000000100000000)
  region size 1024K, 4 young (4096K), 1 survivors (1024K)
 Metaspace       used 56885K, committed 57152K, reserved 1114112K
  class space    used 6884K, committed 7040K, reserved 1048576K
}

