# JRE version: OpenJDK Runtime Environment (17.0.7) (build 17.0.7+0-b2043.56-10550314)
# Java VM: OpenJDK 64-Bit Server VM (17.0.7+0-b2043.56-10550314, mixed mode, tiered, compressed oops, compressed class ptrs, g1 gc, windows-amd64)
GC Precious Log:
 CPUs: 8 total, 8 available
 Memory: 6020M
 Large Page Support: Disabled
 NUMA Support: Disabled
 Compressed Oops: Enabled (32-bit)
 Heap Region Size: 1M
 Heap Min Capacity: 8M
 Heap Initial Capacity: 96M
 Heap Max Capacity: 1506M
 Pre-touch: Disabled
 Parallel Workers: 8
 Concurrent Workers: 2
 Concurrent Refinement Workers: 8
 Periodic GC: Disabled
Heap:
 garbage-first heap   total 146432K, used 91846K [0x00000000a1e00000, 0x0000000100000000)
  region size 1024K, 5 young (5120K), 5 survivors (5120K)
 Metaspace       used 70225K, committed 70528K, reserved 1114112K
  class space    used 8118K, committed 8256K, reserved 1048576K
GC Heap History (20 events):
Event: 18.235 GC heap after
{Heap after GC invocations=25 (full 0):
 garbage-first heap   total 78848K, used 44383K [0x00000000a1e00000, 0x0000000100000000)
  region size 1024K, 3 young (3072K), 3 survivors (3072K)
 Metaspace       used 56432K, committed 56640K, reserved 1114112K
  class space    used 6814K, committed 6912K, reserved 1048576K
}
Event: 18.297 GC heap before
{Heap before GC invocations=25 (full 0):
 garbage-first heap   total 78848K, used 44383K [0x00000000a1e00000, 0x0000000100000000)
  region size 1024K, 4 young (4096K), 3 survivors (3072K)
 Metaspace       used 56600K, committed 56768K, reserved 1114112K
  class space    used 6837K, committed 6912K, reserved 1048576K
}
Event: 18.317 GC heap after
{Heap after GC invocations=26 (full 0):
 garbage-first heap   total 78848K, used 44382K [0x00000000a1e00000, 0x0000000100000000)
  region size 1024K, 1 young (1024K), 1 survivors (1024K)
 Metaspace       used 56600K, committed 56768K, reserved 1114112K
  class space    used 6837K, committed 6912K, reserved 1048576K
}
Event: 19.566 GC heap before
{Heap before GC invocations=26 (full 0):
 garbage-first heap   total 78848K, used 61790K [0x00000000a1e00000, 0x0000000100000000)
  region size 1024K, 18 young (18432K), 1 survivors (1024K)
 Metaspace       used 58131K, committed 58368K, reserved 1114112K
  class space    used 6972K, committed 7104K, reserved 1048576K
}
Event: 19.586 GC heap after
{Heap after GC invocations=27 (full 0):
 garbage-first heap   total 146432K, used 47418K [0x00000000a1e00000, 0x0000000100000000)
  region size 1024K, 3 young (3072K), 3 survivors (3072K)
 Metaspace       used 58131K, committed 58368K, reserved 1114112K
  class space    used 6972K, committed 7104K, reserved 1048576K
}
Event: 21.718 GC heap before
{Heap before GC invocations=28 (full 0):
 garbage-first heap   total 146432K, used 103738K [0x00000000a1e00000, 0x0000000100000000)
  region size 1024K, 56 young (57344K), 3 survivors (3072K)
 Metaspace       used 59650K, committed 59968K, reserved 1114112K
  class space    used 7053K, committed 7232K, reserved 1048576K
}
Event: 21.754 GC heap after
{Heap after GC invocations=29 (full 0):
 garbage-first heap   total 146432K, used 59862K [0x00000000a1e00000, 0x0000000100000000)
  region size 1024K, 7 young (7168K), 7 survivors (7168K)
 Metaspace       used 59650K, committed 59968K, reserved 1114112K
  class space    used 7053K, committed 7232K, reserved 1048576K
}
Event: 21.773 GC heap before
{Heap before GC invocations=29 (full 0):
 garbage-first heap   total 146432K, used 60886K [0x00000000a1e00000, 0x0000000100000000)
  region size 1024K, 8 young (8192K), 7 survivors (7168K)
 Metaspace       used 59651K, committed 59968K, reserved 1114112K
  class space    used 7053K, committed 7232K, reserved 1048576K
}
Event: 21.790 GC heap after
{Heap after GC invocations=30 (full 0):
 garbage-first heap   total 146432K, used 61068K [0x00000000a1e00000, 0x0000000100000000)
  region size 1024K, 1 young (1024K), 1 survivors (1024K)
 Metaspace       used 59651K, committed 59968K, reserved 1114112K
  class space    used 7053K, committed 7232K, reserved 1048576K
}
Event: 22.807 GC heap before
{Heap before GC invocations=30 (full 0):
 garbage-first heap   total 146432K, used 104076K [0x00000000a1e00000, 0x0000000100000000)
  region size 1024K, 43 young (44032K), 1 survivors (1024K)
 Metaspace       used 60823K, committed 61184K, reserved 1114112K
  class space    used 7188K, committed 7360K, reserved 1048576K
}
Event: 22.826 GC heap after
{Heap after GC invocations=31 (full 0):
 garbage-first heap   total 146432K, used 67492K [0x00000000a1e00000, 0x0000000100000000)
  region size 1024K, 6 young (6144K), 6 survivors (6144K)
 Metaspace       used 60823K, committed 61184K, reserved 1114112K
  class space    used 7188K, committed 7360K, reserved 1048576K
}
Event: 24.866 GC heap before
{Heap before GC invocations=31 (full 0):
 garbage-first heap   total 146432K, used 108452K [0x00000000a1e00000, 0x0000000100000000)
  region size 1024K, 46 young (47104K), 6 survivors (6144K)
 Metaspace       used 64687K, committed 65024K, reserved 1114112K
  class space    used 7667K, committed 7808K, reserved 1048576K
}
Event: 24.886 GC heap after
{Heap after GC invocations=32 (full 0):
 garbage-first heap   total 146432K, used 70588K [0x00000000a1e00000, 0x0000000100000000)
  region size 1024K, 3 young (3072K), 3 survivors (3072K)
 Metaspace       used 64687K, committed 65024K, reserved 1114112K
  class space    used 7667K, committed 7808K, reserved 1048576K
}
Event: 26.929 GC heap before
{Heap before GC invocations=32 (full 0):
 garbage-first heap   total 146432K, used 112572K [0x00000000a1e00000, 0x0000000100000000)
  region size 1024K, 44 young (45056K), 3 survivors (3072K)
 Metaspace       used 67186K, committed 67456K, reserved 1114112K
  class space    used 7848K, committed 8000K, reserved 1048576K
}
Event: 26.950 GC heap after
{Heap after GC invocations=33 (full 0):
 garbage-first heap   total 146432K, used 74752K [0x00000000a1e00000, 0x0000000100000000)
  region size 1024K, 6 young (6144K), 6 survivors (6144K)
 Metaspace       used 67186K, committed 67456K, reserved 1114112K
  class space    used 7848K, committed 8000K, reserved 1048576K
}
Event: 29.045 GC heap before
{Heap before GC invocations=33 (full 0):
 garbage-first heap   total 146432K, used 115712K [0x00000000a1e00000, 0x0000000100000000)
  region size 1024K, 46 young (47104K), 6 survivors (6144K)
 Metaspace       used 68397K, committed 68736K, reserved 1114112K
  class space    used 7936K, committed 8128K, reserved 1048576K
}
Event: 29.076 GC heap after
{Heap after GC invocations=34 (full 0):
 garbage-first heap   total 146432K, used 80995K [0x00000000a1e00000, 0x0000000100000000)
  region size 1024K, 6 young (6144K), 6 survivors (6144K)
 Metaspace       used 68397K, committed 68736K, reserved 1114112K
  class space    used 7936K, committed 8128K, reserved 1048576K
}
Event: 30.507 GC heap before
{Heap before GC invocations=34 (full 0):
 garbage-first heap   total 146432K, used 116835K [0x00000000a1e00000, 0x0000000100000000)
  region size 1024K, 40 young (40960K), 6 survivors (6144K)
 Metaspace       used 69541K, committed 69888K, reserved 1114112K
  class space    used 8094K, committed 8256K, reserved 1048576K
}
Event: 30.568 GC heap after
{Heap after GC invocations=35 (full 0):
 garbage-first heap   total 146432K, used 85942K [0x00000000a1e00000, 0x0000000100000000)
  region size 1024K, 5 young (5120K), 5 survivors (5120K)
 Metaspace       used 69541K, committed 69888K, reserved 1114112K
  class space    used 8094K, committed 8256K, reserved 1048576K
}
Event: 32.156 GC heap before
{Heap before GC invocations=35 (full 0):
 garbage-first heap   total 146432K, used 117686K [0x00000000a1e00000, 0x0000000100000000)
  region size 1024K, 36 young (36864K), 5 survivors (5120K)
 Metaspace       used 70225K, committed 70528K, reserved 1114112K
  class space    used 8118K, committed 8256K, reserved 1048576K
}

