# JRE version: OpenJDK Runtime Environment (17.0.7) (build 17.0.7+0-b2043.56-10550314)
# Java VM: OpenJDK 64-Bit Server VM (17.0.7+0-b2043.56-10550314, mixed mode, tiered, compressed oops, compressed class ptrs, g1 gc, windows-amd64)
GC Precious Log:
 CPUs: 8 total, 8 available
 Memory: 6020M
 Large Page Support: Disabled
 NUMA Support: Disabled
 Compressed Oops: Enabled (32-bit)
 Heap Region Size: 1M
 Heap Min Capacity: 8M
 Heap Initial Capacity: 96M
 Heap Max Capacity: 2G
 Pre-touch: Disabled
 Parallel Workers: 8
 Concurrent Workers: 2
 Concurrent Refinement Workers: 8
 Periodic GC: Disabled
Heap:
 garbage-first heap   total 365568K, used 204686K [0x0000000080000000, 0x0000000100000000)
  region size 1024K, 3 young (3072K), 3 survivors (3072K)
 Metaspace       used 123018K, committed 123968K, reserved 1179648K
  class space    used 16473K, committed 16960K, reserved 1048576K
GC Heap History (20 events):
Event: 997.264 GC heap after
{Heap after GC invocations=95 (full 0):
 garbage-first heap   total 266240K, used 176548K [0x0000000080000000, 0x0000000100000000)
  region size 1024K, 3 young (3072K), 3 survivors (3072K)
 Metaspace       used 104083K, committed 104960K, reserved 1179648K
  class space    used 14284K, committed 14720K, reserved 1048576K
}
Event: 1000.693 GC heap before
{Heap before GC invocations=95 (full 0):
 garbage-first heap   total 266240K, used 222628K [0x0000000080000000, 0x0000000100000000)
  region size 1024K, 48 young (49152K), 3 survivors (3072K)
 Metaspace       used 104293K, committed 105216K, reserved 1179648K
  class space    used 14326K, committed 14784K, reserved 1048576K
}
Event: 1000.703 GC heap after
{Heap after GC invocations=96 (full 0):
 garbage-first heap   total 266240K, used 180363K [0x0000000080000000, 0x0000000100000000)
  region size 1024K, 6 young (6144K), 6 survivors (6144K)
 Metaspace       used 104293K, committed 105216K, reserved 1179648K
  class space    used 14326K, committed 14784K, reserved 1048576K
}
Event: 1002.713 GC heap before
{Heap before GC invocations=96 (full 0):
 garbage-first heap   total 266240K, used 223371K [0x0000000080000000, 0x0000000100000000)
  region size 1024K, 49 young (50176K), 6 survivors (6144K)
 Metaspace       used 107132K, committed 108032K, reserved 1179648K
  class space    used 14683K, committed 15104K, reserved 1048576K
}
Event: 1002.736 GC heap after
{Heap after GC invocations=97 (full 0):
 garbage-first heap   total 266240K, used 184647K [0x0000000080000000, 0x0000000100000000)
  region size 1024K, 7 young (7168K), 7 survivors (7168K)
 Metaspace       used 107132K, committed 108032K, reserved 1179648K
  class space    used 14683K, committed 15104K, reserved 1048576K
}
Event: 1024.876 GC heap before
{Heap before GC invocations=97 (full 0):
 garbage-first heap   total 266240K, used 226631K [0x0000000080000000, 0x0000000100000000)
  region size 1024K, 47 young (48128K), 7 survivors (7168K)
 Metaspace       used 108952K, committed 109888K, reserved 1179648K
  class space    used 14980K, committed 15424K, reserved 1048576K
}
Event: 1025.226 GC heap after
{Heap after GC invocations=98 (full 0):
 garbage-first heap   total 266240K, used 187586K [0x0000000080000000, 0x0000000100000000)
  region size 1024K, 3 young (3072K), 3 survivors (3072K)
 Metaspace       used 108952K, committed 109888K, reserved 1179648K
  class space    used 14980K, committed 15424K, reserved 1048576K
}
Event: 1025.859 GC heap before
{Heap before GC invocations=98 (full 0):
 garbage-first heap   total 266240K, used 227522K [0x0000000080000000, 0x0000000100000000)
  region size 1024K, 42 young (43008K), 3 survivors (3072K)
 Metaspace       used 108995K, committed 109952K, reserved 1179648K
  class space    used 14986K, committed 15424K, reserved 1048576K
}
Event: 1025.912 GC heap after
{Heap after GC invocations=99 (full 0):
 garbage-first heap   total 266240K, used 208578K [0x0000000080000000, 0x0000000100000000)
  region size 1024K, 6 young (6144K), 6 survivors (6144K)
 Metaspace       used 108995K, committed 109952K, reserved 1179648K
  class space    used 14986K, committed 15424K, reserved 1048576K
}
Event: 1026.491 GC heap before
{Heap before GC invocations=99 (full 0):
 garbage-first heap   total 266240K, used 225986K [0x0000000080000000, 0x0000000100000000)
  region size 1024K, 24 young (24576K), 6 survivors (6144K)
 Metaspace       used 110269K, committed 111232K, reserved 1179648K
  class space    used 15179K, committed 15680K, reserved 1048576K
}
Event: 1026.524 GC heap after
{Heap after GC invocations=100 (full 0):
 garbage-first heap   total 266240K, used 211123K [0x0000000080000000, 0x0000000100000000)
  region size 1024K, 2 young (2048K), 2 survivors (2048K)
 Metaspace       used 110269K, committed 111232K, reserved 1179648K
  class space    used 15179K, committed 15680K, reserved 1048576K
}
Event: 1027.788 GC heap before
{Heap before GC invocations=100 (full 0):
 garbage-first heap   total 266240K, used 232627K [0x0000000080000000, 0x0000000100000000)
  region size 1024K, 20 young (20480K), 2 survivors (2048K)
 Metaspace       used 112727K, committed 113664K, reserved 1179648K
  class space    used 15397K, committed 15872K, reserved 1048576K
}
Event: 1027.793 GC heap after
{Heap after GC invocations=101 (full 0):
 garbage-first heap   total 266240K, used 211357K [0x0000000080000000, 0x0000000100000000)
  region size 1024K, 2 young (2048K), 2 survivors (2048K)
 Metaspace       used 112727K, committed 113664K, reserved 1179648K
  class space    used 15397K, committed 15872K, reserved 1048576K
}
Event: 1029.097 GC heap before
{Heap before GC invocations=101 (full 0):
 garbage-first heap   total 365568K, used 219549K [0x0000000080000000, 0x0000000100000000)
  region size 1024K, 20 young (20480K), 2 survivors (2048K)
 Metaspace       used 116357K, committed 117248K, reserved 1179648K
  class space    used 15825K, committed 16256K, reserved 1048576K
}
Event: 1029.114 GC heap after
{Heap after GC invocations=102 (full 0):
 garbage-first heap   total 365568K, used 203001K [0x0000000080000000, 0x0000000100000000)
  region size 1024K, 2 young (2048K), 2 survivors (2048K)
 Metaspace       used 116357K, committed 117248K, reserved 1179648K
  class space    used 15825K, committed 16256K, reserved 1048576K
}
Event: 1033.196 GC heap before
{Heap before GC invocations=103 (full 0):
 garbage-first heap   total 365568K, used 284921K [0x0000000080000000, 0x0000000100000000)
  region size 1024K, 78 young (79872K), 2 survivors (2048K)
 Metaspace       used 119071K, committed 120064K, reserved 1179648K
  class space    used 16085K, committed 16576K, reserved 1048576K
}
Event: 1033.247 GC heap after
{Heap after GC invocations=104 (full 0):
 garbage-first heap   total 365568K, used 222965K [0x0000000080000000, 0x0000000100000000)
  region size 1024K, 10 young (10240K), 10 survivors (10240K)
 Metaspace       used 119071K, committed 120064K, reserved 1179648K
  class space    used 16085K, committed 16576K, reserved 1048576K
}
Event: 1033.624 GC heap before
{Heap before GC invocations=104 (full 0):
 garbage-first heap   total 365568K, used 231157K [0x0000000080000000, 0x0000000100000000)
  region size 1024K, 17 young (17408K), 10 survivors (10240K)
 Metaspace       used 120912K, committed 121856K, reserved 1179648K
  class space    used 16208K, committed 16640K, reserved 1048576K
}
Event: 1033.823 GC heap after
{Heap after GC invocations=105 (full 0):
 garbage-first heap   total 365568K, used 200761K [0x0000000080000000, 0x0000000100000000)
  region size 1024K, 2 young (2048K), 2 survivors (2048K)
 Metaspace       used 120912K, committed 121856K, reserved 1179648K
  class space    used 16208K, committed 16640K, reserved 1048576K
}
Event: 1035.676 GC heap before
{Heap before GC invocations=105 (full 0):
 garbage-first heap   total 365568K, used 217145K [0x0000000080000000, 0x0000000100000000)
  region size 1024K, 17 young (17408K), 2 survivors (2048K)
 Metaspace       used 123018K, committed 123968K, reserved 1179648K
  class space    used 16473K, committed 16960K, reserved 1048576K
}

