# JRE version: OpenJDK Runtime Environment (17.0.7) (build 17.0.7+0-b2043.56-10550314)
# Java VM: OpenJDK 64-Bit Server VM (17.0.7+0-b2043.56-10550314, mixed mode, tiered, compressed oops, compressed class ptrs, g1 gc, windows-amd64)
GC Precious Log:
 CPUs: 8 total, 8 available
 Memory: 6020M
 Large Page Support: Disabled
 NUMA Support: Disabled
 Compressed Oops: Enabled (32-bit)
 Heap Region Size: 1M
 Heap Min Capacity: 8M
 Heap Initial Capacity: 96M
 Heap Max Capacity: 1506M
 Pre-touch: Disabled
 Parallel Workers: 8
 Concurrent Workers: 2
 Concurrent Refinement Workers: 8
 Periodic GC: Disabled
Heap:
 garbage-first heap   total 301056K, used 244751K [0x00000000a1e00000, 0x0000000100000000)
  region size 1024K, 62 young (63488K), 4 survivors (4096K)
 Metaspace       used 81708K, committed 82176K, reserved 1179648K
  class space    used 8934K, committed 9152K, reserved 1048576K
GC Heap History (20 events):
Event: 52.905 GC heap before
{Heap before GC invocations=60 (full 0):
 garbage-first heap   total 208896K, used 182005K [0x00000000a1e00000, 0x0000000100000000)
  region size 1024K, 18 young (18432K), 2 survivors (2048K)
 Metaspace       used 74252K, committed 74688K, reserved 1179648K
  class space    used 8287K, committed 8512K, reserved 1048576K
}
Event: 52.913 GC heap after
{Heap after GC invocations=61 (full 0):
 garbage-first heap   total 208896K, used 167015K [0x00000000a1e00000, 0x0000000100000000)
  region size 1024K, 2 young (2048K), 2 survivors (2048K)
 Metaspace       used 74252K, committed 74688K, reserved 1179648K
  class space    used 8287K, committed 8512K, reserved 1048576K
}
Event: 53.462 GC heap before
{Heap before GC invocations=61 (full 0):
 garbage-first heap   total 208896K, used 182375K [0x00000000a1e00000, 0x0000000100000000)
  region size 1024K, 17 young (17408K), 2 survivors (2048K)
 Metaspace       used 74313K, committed 74752K, reserved 1179648K
  class space    used 8287K, committed 8512K, reserved 1048576K
}
Event: 53.467 GC heap after
{Heap after GC invocations=62 (full 0):
 garbage-first heap   total 208896K, used 167854K [0x00000000a1e00000, 0x0000000100000000)
  region size 1024K, 3 young (3072K), 3 survivors (3072K)
 Metaspace       used 74313K, committed 74752K, reserved 1179648K
  class space    used 8287K, committed 8512K, reserved 1048576K
}
Event: 54.022 GC heap before
{Heap before GC invocations=62 (full 0):
 garbage-first heap   total 208896K, used 191406K [0x00000000a1e00000, 0x0000000100000000)
  region size 1024K, 17 young (17408K), 3 survivors (3072K)
 Metaspace       used 74355K, committed 74816K, reserved 1179648K
  class space    used 8291K, committed 8512K, reserved 1048576K
}
Event: 54.032 GC heap after
{Heap after GC invocations=63 (full 0):
 garbage-first heap   total 208896K, used 178208K [0x00000000a1e00000, 0x0000000100000000)
  region size 1024K, 3 young (3072K), 3 survivors (3072K)
 Metaspace       used 74355K, committed 74816K, reserved 1179648K
  class space    used 8291K, committed 8512K, reserved 1048576K
}
Event: 54.272 GC heap before
{Heap before GC invocations=63 (full 0):
 garbage-first heap   total 208896K, used 185376K [0x00000000a1e00000, 0x0000000100000000)
  region size 1024K, 10 young (10240K), 3 survivors (3072K)
 Metaspace       used 74383K, committed 74816K, reserved 1179648K
  class space    used 8292K, committed 8512K, reserved 1048576K
}
Event: 54.282 GC heap after
{Heap after GC invocations=64 (full 0):
 garbage-first heap   total 208896K, used 178777K [0x00000000a1e00000, 0x0000000100000000)
  region size 1024K, 2 young (2048K), 2 survivors (2048K)
 Metaspace       used 74383K, committed 74816K, reserved 1179648K
  class space    used 8292K, committed 8512K, reserved 1048576K
}
Event: 54.769 GC heap before
{Heap before GC invocations=64 (full 0):
 garbage-first heap   total 208896K, used 186969K [0x00000000a1e00000, 0x0000000100000000)
  region size 1024K, 10 young (10240K), 2 survivors (2048K)
 Metaspace       used 74401K, committed 74880K, reserved 1179648K
  class space    used 8292K, committed 8512K, reserved 1048576K
}
Event: 54.782 GC heap after
{Heap after GC invocations=65 (full 0):
 garbage-first heap   total 208896K, used 179443K [0x00000000a1e00000, 0x0000000100000000)
  region size 1024K, 2 young (2048K), 2 survivors (2048K)
 Metaspace       used 74401K, committed 74880K, reserved 1179648K
  class space    used 8292K, committed 8512K, reserved 1048576K
}
Event: 56.153 GC heap before
{Heap before GC invocations=66 (full 0):
 garbage-first heap   total 301056K, used 189683K [0x00000000a1e00000, 0x0000000100000000)
  region size 1024K, 14 young (14336K), 2 survivors (2048K)
 Metaspace       used 74470K, committed 74944K, reserved 1179648K
  class space    used 8292K, committed 8512K, reserved 1048576K
}
Event: 56.159 GC heap after
{Heap after GC invocations=67 (full 0):
 garbage-first heap   total 301056K, used 178181K [0x00000000a1e00000, 0x0000000100000000)
  region size 1024K, 2 young (2048K), 2 survivors (2048K)
 Metaspace       used 74470K, committed 74944K, reserved 1179648K
  class space    used 8292K, committed 8512K, reserved 1048576K
}
Event: 56.622 GC heap before
{Heap before GC invocations=67 (full 0):
 garbage-first heap   total 301056K, used 190469K [0x00000000a1e00000, 0x0000000100000000)
  region size 1024K, 14 young (14336K), 2 survivors (2048K)
 Metaspace       used 74488K, committed 74944K, reserved 1179648K
  class space    used 8293K, committed 8512K, reserved 1048576K
}
Event: 56.640 GC heap after
{Heap after GC invocations=68 (full 0):
 garbage-first heap   total 301056K, used 176378K [0x00000000a1e00000, 0x0000000100000000)
  region size 1024K, 2 young (2048K), 2 survivors (2048K)
 Metaspace       used 74488K, committed 74944K, reserved 1179648K
  class space    used 8293K, committed 8512K, reserved 1048576K
}
Event: 59.712 GC heap before
{Heap before GC invocations=68 (full 0):
 garbage-first heap   total 301056K, used 254202K [0x00000000a1e00000, 0x0000000100000000)
  region size 1024K, 78 young (79872K), 2 survivors (2048K)
 Metaspace       used 74640K, committed 75072K, reserved 1179648K
  class space    used 8297K, committed 8512K, reserved 1048576K
}
Event: 59.732 GC heap after
{Heap after GC invocations=69 (full 0):
 garbage-first heap   total 301056K, used 182589K [0x00000000a1e00000, 0x0000000100000000)
  region size 1024K, 9 young (9216K), 9 survivors (9216K)
 Metaspace       used 74640K, committed 75072K, reserved 1179648K
  class space    used 8297K, committed 8512K, reserved 1048576K
}
Event: 61.413 GC heap before
{Heap before GC invocations=69 (full 0):
 garbage-first heap   total 301056K, used 254269K [0x00000000a1e00000, 0x0000000100000000)
  region size 1024K, 79 young (80896K), 9 survivors (9216K)
 Metaspace       used 75107K, committed 75584K, reserved 1179648K
  class space    used 8325K, committed 8576K, reserved 1048576K
}
Event: 61.446 GC heap after
{Heap after GC invocations=70 (full 0):
 garbage-first heap   total 301056K, used 185420K [0x00000000a1e00000, 0x0000000100000000)
  region size 1024K, 3 young (3072K), 3 survivors (3072K)
 Metaspace       used 75107K, committed 75584K, reserved 1179648K
  class space    used 8325K, committed 8576K, reserved 1048576K
}
Event: 66.712 GC heap before
{Heap before GC invocations=70 (full 0):
 garbage-first heap   total 301056K, used 256076K [0x00000000a1e00000, 0x0000000100000000)
  region size 1024K, 72 young (73728K), 3 survivors (3072K)
 Metaspace       used 75630K, committed 76096K, reserved 1179648K
  class space    used 8347K, committed 8576K, reserved 1048576K
}
Event: 66.731 GC heap after
{Heap after GC invocations=71 (full 0):
 garbage-first heap   total 301056K, used 186383K [0x00000000a1e00000, 0x0000000100000000)
  region size 1024K, 4 young (4096K), 4 survivors (4096K)
 Metaspace       used 75630K, committed 76096K, reserved 1179648K
  class space    used 8347K, committed 8576K, reserved 1048576K
}

