# JRE version: OpenJDK Runtime Environment (17.0.7) (build 17.0.7+0-b2043.56-10550314)
# Java VM: OpenJDK 64-Bit Server VM (17.0.7+0-b2043.56-10550314, mixed mode, tiered, compressed oops, compressed class ptrs, g1 gc, windows-amd64)
GC Precious Log:
 CPUs: 8 total, 8 available
 Memory: 6020M
 Large Page Support: Disabled
 NUMA Support: Disabled
 Compressed Oops: Enabled (32-bit)
 Heap Region Size: 1M
 Heap Min Capacity: 8M
 Heap Initial Capacity: 96M
 Heap Max Capacity: 1506M
 Pre-touch: Disabled
 Parallel Workers: 8
 Concurrent Workers: 2
 Concurrent Refinement Workers: 8
 Periodic GC: Disabled
Heap:
 garbage-first heap   total 207872K, used 90896K [0x00000000a1e00000, 0x0000000100000000)
  region size 1024K, 1 young (1024K), 1 survivors (1024K)
 Metaspace       used 62685K, committed 63040K, reserved 1114112K
  class space    used 7319K, committed 7488K, reserved 1048576K
GC Heap History (20 events):
Event: 10.539 GC heap after
{Heap after GC invocations=15 (full 0):
 garbage-first heap   total 78848K, used 40211K [0x00000000a1e00000, 0x0000000100000000)
  region size 1024K, 4 young (4096K), 4 survivors (4096K)
 Metaspace       used 49197K, committed 49472K, reserved 1114112K
  class space    used 5941K, committed 6080K, reserved 1048576K
}
Event: 10.901 GC heap before
{Heap before GC invocations=15 (full 0):
 garbage-first heap   total 78848K, used 48403K [0x00000000a1e00000, 0x0000000100000000)
  region size 1024K, 13 young (13312K), 4 survivors (4096K)
 Metaspace       used 51576K, committed 51840K, reserved 1114112K
  class space    used 6227K, committed 6336K, reserved 1048576K
}
Event: 10.912 GC heap after
{Heap after GC invocations=16 (full 0):
 garbage-first heap   total 78848K, used 41716K [0x00000000a1e00000, 0x0000000100000000)
  region size 1024K, 2 young (2048K), 2 survivors (2048K)
 Metaspace       used 51576K, committed 51840K, reserved 1114112K
  class space    used 6227K, committed 6336K, reserved 1048576K
}
Event: 11.055 GC heap before
{Heap before GC invocations=17 (full 0):
 garbage-first heap   total 81920K, used 60148K [0x00000000a1e00000, 0x0000000100000000)
  region size 1024K, 20 young (20480K), 2 survivors (2048K)
 Metaspace       used 51593K, committed 51840K, reserved 1114112K
  class space    used 6227K, committed 6336K, reserved 1048576K
}
Event: 11.060 GC heap after
{Heap after GC invocations=18 (full 0):
 garbage-first heap   total 81920K, used 42151K [0x00000000a1e00000, 0x0000000100000000)
  region size 1024K, 2 young (2048K), 2 survivors (2048K)
 Metaspace       used 51593K, committed 51840K, reserved 1114112K
  class space    used 6227K, committed 6336K, reserved 1048576K
}
Event: 11.065 GC heap before
{Heap before GC invocations=18 (full 0):
 garbage-first heap   total 81920K, used 44199K [0x00000000a1e00000, 0x0000000100000000)
  region size 1024K, 4 young (4096K), 2 survivors (2048K)
 Metaspace       used 51593K, committed 51840K, reserved 1114112K
  class space    used 6227K, committed 6336K, reserved 1048576K
}
Event: 11.076 GC heap after
{Heap after GC invocations=19 (full 0):
 garbage-first heap   total 81920K, used 41296K [0x00000000a1e00000, 0x0000000100000000)
  region size 1024K, 1 young (1024K), 1 survivors (1024K)
 Metaspace       used 51593K, committed 51840K, reserved 1114112K
  class space    used 6227K, committed 6336K, reserved 1048576K
}
Event: 12.011 GC heap before
{Heap before GC invocations=19 (full 0):
 garbage-first heap   total 81920K, used 63824K [0x00000000a1e00000, 0x0000000100000000)
  region size 1024K, 23 young (23552K), 1 survivors (1024K)
 Metaspace       used 53602K, committed 53888K, reserved 1114112K
  class space    used 6418K, committed 6528K, reserved 1048576K
}
Event: 12.033 GC heap after
{Heap after GC invocations=20 (full 0):
 garbage-first heap   total 207872K, used 46864K [0x00000000a1e00000, 0x0000000100000000)
  region size 1024K, 3 young (3072K), 3 survivors (3072K)
 Metaspace       used 53602K, committed 53888K, reserved 1114112K
  class space    used 6418K, committed 6528K, reserved 1048576K
}
Event: 15.773 GC heap before
{Heap before GC invocations=21 (full 0):
 garbage-first heap   total 163840K, used 133904K [0x00000000a1e00000, 0x0000000100000000)
  region size 1024K, 87 young (89088K), 3 survivors (3072K)
 Metaspace       used 59425K, committed 59776K, reserved 1114112K
  class space    used 6987K, committed 7168K, reserved 1048576K
}
Event: 15.829 GC heap after
{Heap after GC invocations=22 (full 0):
 garbage-first heap   total 163840K, used 66285K [0x00000000a1e00000, 0x0000000100000000)
  region size 1024K, 12 young (12288K), 12 survivors (12288K)
 Metaspace       used 59425K, committed 59776K, reserved 1114112K
  class space    used 6987K, committed 7168K, reserved 1048576K
}
Event: 15.881 GC heap before
{Heap before GC invocations=22 (full 0):
 garbage-first heap   total 163840K, used 67309K [0x00000000a1e00000, 0x0000000100000000)
  region size 1024K, 13 young (13312K), 12 survivors (12288K)
 Metaspace       used 59460K, committed 59776K, reserved 1114112K
  class space    used 6989K, committed 7168K, reserved 1048576K
}
Event: 15.907 GC heap after
{Heap after GC invocations=23 (full 0):
 garbage-first heap   total 163840K, used 67710K [0x00000000a1e00000, 0x0000000100000000)
  region size 1024K, 2 young (2048K), 2 survivors (2048K)
 Metaspace       used 59460K, committed 59776K, reserved 1114112K
  class space    used 6989K, committed 7168K, reserved 1048576K
}
Event: 16.948 GC heap before
{Heap before GC invocations=23 (full 0):
 garbage-first heap   total 163840K, used 113790K [0x00000000a1e00000, 0x0000000100000000)
  region size 1024K, 47 young (48128K), 2 survivors (2048K)
 Metaspace       used 60474K, committed 60800K, reserved 1114112K
  class space    used 7051K, committed 7232K, reserved 1048576K
}
Event: 16.968 GC heap after
{Heap after GC invocations=24 (full 0):
 garbage-first heap   total 163840K, used 75024K [0x00000000a1e00000, 0x0000000100000000)
  region size 1024K, 6 young (6144K), 6 survivors (6144K)
 Metaspace       used 60474K, committed 60800K, reserved 1114112K
  class space    used 7051K, committed 7232K, reserved 1048576K
}
Event: 17.464 GC heap before
{Heap before GC invocations=24 (full 0):
 garbage-first heap   total 163840K, used 119056K [0x00000000a1e00000, 0x0000000100000000)
  region size 1024K, 49 young (50176K), 6 survivors (6144K)
 Metaspace       used 60683K, committed 60992K, reserved 1114112K
  class space    used 7055K, committed 7232K, reserved 1048576K
}
Event: 17.491 GC heap after
{Heap after GC invocations=25 (full 0):
 garbage-first heap   total 163840K, used 82475K [0x00000000a1e00000, 0x0000000100000000)
  region size 1024K, 7 young (7168K), 7 survivors (7168K)
 Metaspace       used 60683K, committed 60992K, reserved 1114112K
  class space    used 7055K, committed 7232K, reserved 1048576K
}
Event: 18.540 GC heap before
{Heap before GC invocations=25 (full 0):
 garbage-first heap   total 163840K, used 123435K [0x00000000a1e00000, 0x0000000100000000)
  region size 1024K, 47 young (48128K), 7 survivors (7168K)
 Metaspace       used 61852K, committed 62144K, reserved 1114112K
  class space    used 7200K, committed 7360K, reserved 1048576K
}
Event: 18.570 GC heap after
{Heap after GC invocations=26 (full 0):
 garbage-first heap   total 163840K, used 89228K [0x00000000a1e00000, 0x0000000100000000)
  region size 1024K, 6 young (6144K), 6 survivors (6144K)
 Metaspace       used 61852K, committed 62144K, reserved 1114112K
  class space    used 7200K, committed 7360K, reserved 1048576K
}
Event: 19.061 GC heap before
{Heap before GC invocations=26 (full 0):
 garbage-first heap   total 163840K, used 127116K [0x00000000a1e00000, 0x0000000100000000)
  region size 1024K, 43 young (44032K), 6 survivors (6144K)
 Metaspace       used 62685K, committed 63040K, reserved 1114112K
  class space    used 7319K, committed 7488K, reserved 1048576K
}

