# JRE version: OpenJDK Runtime Environment (17.0.7) (build 17.0.7+0-b2043.56-10550314)
# Java VM: OpenJDK 64-Bit Server VM (17.0.7+0-b2043.56-10550314, mixed mode, tiered, compressed oops, compressed class ptrs, g1 gc, windows-amd64)
GC Precious Log:
 CPUs: 8 total, 8 available
 Memory: 6020M
 Large Page Support: Disabled
 NUMA Support: Disabled
 Compressed Oops: Enabled (32-bit)
 Heap Region Size: 1M
 Heap Min Capacity: 8M
 Heap Initial Capacity: 96M
 Heap Max Capacity: 2G
 Pre-touch: Disabled
 Parallel Workers: 8
 Concurrent Workers: 2
 Concurrent Refinement Workers: 8
 Periodic GC: Disabled
Heap:
 garbage-first heap   total 291840K, used 165009K [0x0000000080000000, 0x0000000100000000)
  region size 1024K, 6 young (6144K), 6 survivors (6144K)
 Metaspace       used 104013K, committed 104832K, reserved 1179648K
  class space    used 14413K, committed 14784K, reserved 1048576K
GC Heap History (20 events):
Event: 25.611 GC heap after
{Heap after GC invocations=59 (full 0):
 garbage-first heap   total 162816K, used 95506K [0x0000000080000000, 0x0000000100000000)
  region size 1024K, 6 young (6144K), 6 survivors (6144K)
 Metaspace       used 92176K, committed 92928K, reserved 1179648K
  class space    used 12761K, committed 13120K, reserved 1048576K
}
Event: 25.629 GC heap before
{Heap before GC invocations=59 (full 0):
 garbage-first heap   total 162816K, used 96530K [0x0000000080000000, 0x0000000100000000)
  region size 1024K, 7 young (7168K), 6 survivors (6144K)
 Metaspace       used 92248K, committed 92992K, reserved 1179648K
  class space    used 12767K, committed 13120K, reserved 1048576K
}
Event: 25.642 GC heap after
{Heap after GC invocations=60 (full 0):
 garbage-first heap   total 291840K, used 95825K [0x0000000080000000, 0x0000000100000000)
  region size 1024K, 1 young (1024K), 1 survivors (1024K)
 Metaspace       used 92248K, committed 92992K, reserved 1179648K
  class space    used 12767K, committed 13120K, reserved 1048576K
}
Event: 27.845 GC heap before
{Heap before GC invocations=60 (full 0):
 garbage-first heap   total 291840K, used 221777K [0x0000000080000000, 0x0000000100000000)
  region size 1024K, 124 young (126976K), 1 survivors (1024K)
 Metaspace       used 98338K, committed 99072K, reserved 1179648K
  class space    used 13594K, committed 13952K, reserved 1048576K
}
Event: 27.873 GC heap after
{Heap after GC invocations=61 (full 0):
 garbage-first heap   total 291840K, used 107315K [0x0000000080000000, 0x0000000100000000)
  region size 1024K, 13 young (13312K), 13 survivors (13312K)
 Metaspace       used 98338K, committed 99072K, reserved 1179648K
  class space    used 13594K, committed 13952K, reserved 1048576K
}
Event: 31.614 GC heap before
{Heap before GC invocations=61 (full 0):
 garbage-first heap   total 291840K, used 222003K [0x0000000080000000, 0x0000000100000000)
  region size 1024K, 125 young (128000K), 13 survivors (13312K)
 Metaspace       used 100729K, committed 101504K, reserved 1179648K
  class space    used 13984K, committed 14400K, reserved 1048576K
}
Event: 31.677 GC heap after
{Heap after GC invocations=62 (full 0):
 garbage-first heap   total 291840K, used 121465K [0x0000000080000000, 0x0000000100000000)
  region size 1024K, 14 young (14336K), 14 survivors (14336K)
 Metaspace       used 100729K, committed 101504K, reserved 1179648K
  class space    used 13984K, committed 14400K, reserved 1048576K
}
Event: 32.707 GC heap before
{Heap before GC invocations=62 (full 0):
 garbage-first heap   total 291840K, used 166521K [0x0000000080000000, 0x0000000100000000)
  region size 1024K, 59 young (60416K), 14 survivors (14336K)
 Metaspace       used 101047K, committed 101824K, reserved 1179648K
  class space    used 13989K, committed 14400K, reserved 1048576K
}
Event: 32.748 GC heap after
{Heap after GC invocations=63 (full 0):
 garbage-first heap   total 291840K, used 124928K [0x0000000080000000, 0x0000000100000000)
  region size 1024K, 6 young (6144K), 6 survivors (6144K)
 Metaspace       used 101047K, committed 101824K, reserved 1179648K
  class space    used 13989K, committed 14400K, reserved 1048576K
}
Event: 34.115 GC heap before
{Heap before GC invocations=64 (full 0):
 garbage-first heap   total 291840K, used 233472K [0x0000000080000000, 0x0000000100000000)
  region size 1024K, 111 young (113664K), 6 survivors (6144K)
 Metaspace       used 101404K, committed 102208K, reserved 1179648K
  class space    used 14022K, committed 14400K, reserved 1048576K
}
Event: 34.133 GC heap after
{Heap after GC invocations=65 (full 0):
 garbage-first heap   total 291840K, used 130682K [0x0000000080000000, 0x0000000100000000)
  region size 1024K, 12 young (12288K), 12 survivors (12288K)
 Metaspace       used 101404K, committed 102208K, reserved 1179648K
  class space    used 14022K, committed 14400K, reserved 1048576K
}
Event: 34.152 GC heap before
{Heap before GC invocations=65 (full 0):
 garbage-first heap   total 291840K, used 131706K [0x0000000080000000, 0x0000000100000000)
  region size 1024K, 14 young (14336K), 12 survivors (12288K)
 Metaspace       used 101404K, committed 102208K, reserved 1179648K
  class space    used 14022K, committed 14400K, reserved 1048576K
}
Event: 34.200 GC heap after
{Heap after GC invocations=66 (full 0):
 garbage-first heap   total 291840K, used 131116K [0x0000000080000000, 0x0000000100000000)
  region size 1024K, 2 young (2048K), 2 survivors (2048K)
 Metaspace       used 101404K, committed 102208K, reserved 1179648K
  class space    used 14022K, committed 14400K, reserved 1048576K
}
Event: 36.097 GC heap before
{Heap before GC invocations=66 (full 0):
 garbage-first heap   total 291840K, used 234540K [0x0000000080000000, 0x0000000100000000)
  region size 1024K, 104 young (106496K), 2 survivors (2048K)
 Metaspace       used 101658K, committed 102464K, reserved 1179648K
  class space    used 14062K, committed 14464K, reserved 1048576K
}
Event: 36.123 GC heap after
{Heap after GC invocations=67 (full 0):
 garbage-first heap   total 291840K, used 137424K [0x0000000080000000, 0x0000000100000000)
  region size 1024K, 8 young (8192K), 8 survivors (8192K)
 Metaspace       used 101658K, committed 102464K, reserved 1179648K
  class space    used 14062K, committed 14464K, reserved 1048576K
}
Event: 39.387 GC heap before
{Heap before GC invocations=68 (full 0):
 garbage-first heap   total 291840K, used 238800K [0x0000000080000000, 0x0000000100000000)
  region size 1024K, 106 young (108544K), 8 survivors (8192K)
 Metaspace       used 102122K, committed 102912K, reserved 1179648K
  class space    used 14137K, committed 14528K, reserved 1048576K
}
Event: 39.475 GC heap after
{Heap after GC invocations=69 (full 0):
 garbage-first heap   total 291840K, used 158781K [0x0000000080000000, 0x0000000100000000)
  region size 1024K, 14 young (14336K), 14 survivors (14336K)
 Metaspace       used 102122K, committed 102912K, reserved 1179648K
  class space    used 14137K, committed 14528K, reserved 1048576K
}
Event: 39.493 GC heap before
{Heap before GC invocations=69 (full 0):
 garbage-first heap   total 291840K, used 159805K [0x0000000080000000, 0x0000000100000000)
  region size 1024K, 15 young (15360K), 14 survivors (14336K)
 Metaspace       used 102123K, committed 102912K, reserved 1179648K
  class space    used 14137K, committed 14528K, reserved 1048576K
}
Event: 39.518 GC heap after
{Heap after GC invocations=70 (full 0):
 garbage-first heap   total 291840K, used 160961K [0x0000000080000000, 0x0000000100000000)
  region size 1024K, 2 young (2048K), 2 survivors (2048K)
 Metaspace       used 102123K, committed 102912K, reserved 1179648K
  class space    used 14137K, committed 14528K, reserved 1048576K
}
Event: 40.554 GC heap before
{Heap before GC invocations=70 (full 0):
 garbage-first heap   total 291840K, used 226497K [0x0000000080000000, 0x0000000100000000)
  region size 1024K, 67 young (68608K), 2 survivors (2048K)
 Metaspace       used 104013K, committed 104832K, reserved 1179648K
  class space    used 14413K, committed 14784K, reserved 1048576K
}

