# JRE version: OpenJDK Runtime Environment (17.0.7) (build 17.0.7+0-b2043.56-10550314)
# Java VM: OpenJDK 64-Bit Server VM (17.0.7+0-b2043.56-10550314, mixed mode, tiered, compressed oops, compressed class ptrs, g1 gc, windows-amd64)
GC Precious Log:
 CPUs: 8 total, 8 available
 Memory: 6020M
 Large Page Support: Disabled
 NUMA Support: Disabled
 Compressed Oops: Enabled (32-bit)
 Heap Region Size: 1M
 Heap Min Capacity: 8M
 Heap Initial Capacity: 96M
 Heap Max Capacity: 1506M
 Pre-touch: Disabled
 Parallel Workers: 8
 Concurrent Workers: 2
 Concurrent Refinement Workers: 8
 Periodic GC: Disabled
Heap:
 garbage-first heap   total 78848K, used 58218K [0x00000000a1e00000, 0x0000000100000000)
  region size 1024K, 16 young (16384K), 3 survivors (3072K)
 Metaspace       used 56573K, committed 56896K, reserved 1114112K
  class space    used 6793K, committed 6912K, reserved 1048576K
GC Heap History (20 events):
Event: 9.045 GC heap before
{Heap before GC invocations=12 (full 0):
 garbage-first heap   total 63488K, used 43980K [0x00000000a1e00000, 0x0000000100000000)
  region size 1024K, 21 young (21504K), 3 survivors (3072K)
 Metaspace       used 43000K, committed 43200K, reserved 1114112K
  class space    used 5272K, committed 5376K, reserved 1048576K
}
Event: 9.054 GC heap after
{Heap after GC invocations=13 (full 0):
 garbage-first heap   total 63488K, used 27738K [0x00000000a1e00000, 0x0000000100000000)
  region size 1024K, 2 young (2048K), 2 survivors (2048K)
 Metaspace       used 43000K, committed 43200K, reserved 1114112K
  class space    used 5272K, committed 5376K, reserved 1048576K
}
Event: 10.160 GC heap before
{Heap before GC invocations=13 (full 0):
 garbage-first heap   total 63488K, used 47194K [0x00000000a1e00000, 0x0000000100000000)
  region size 1024K, 21 young (21504K), 2 survivors (2048K)
 Metaspace       used 44947K, committed 45184K, reserved 1114112K
  class space    used 5432K, committed 5568K, reserved 1048576K
}
Event: 10.177 GC heap after
{Heap after GC invocations=14 (full 0):
 garbage-first heap   total 63488K, used 32975K [0x00000000a1e00000, 0x0000000100000000)
  region size 1024K, 3 young (3072K), 3 survivors (3072K)
 Metaspace       used 44947K, committed 45184K, reserved 1114112K
  class space    used 5432K, committed 5568K, reserved 1048576K
}
Event: 11.346 GC heap before
{Heap before GC invocations=14 (full 0):
 garbage-first heap   total 63488K, used 46287K [0x00000000a1e00000, 0x0000000100000000)
  region size 1024K, 16 young (16384K), 3 survivors (3072K)
 Metaspace       used 47218K, committed 47488K, reserved 1114112K
  class space    used 5727K, committed 5824K, reserved 1048576K
}
Event: 11.358 GC heap after
{Heap after GC invocations=15 (full 0):
 garbage-first heap   total 63488K, used 35205K [0x00000000a1e00000, 0x0000000100000000)
  region size 1024K, 2 young (2048K), 2 survivors (2048K)
 Metaspace       used 47218K, committed 47488K, reserved 1114112K
  class space    used 5727K, committed 5824K, reserved 1048576K
}
Event: 11.897 GC heap before
{Heap before GC invocations=16 (full 0):
 garbage-first heap   total 63488K, used 48517K [0x00000000a1e00000, 0x0000000100000000)
  region size 1024K, 14 young (14336K), 2 survivors (2048K)
 Metaspace       used 48733K, committed 49024K, reserved 1114112K
  class space    used 5908K, committed 6016K, reserved 1048576K
}
Event: 11.909 GC heap after
{Heap after GC invocations=17 (full 0):
 garbage-first heap   total 63488K, used 39584K [0x00000000a1e00000, 0x0000000100000000)
  region size 1024K, 2 young (2048K), 2 survivors (2048K)
 Metaspace       used 48733K, committed 49024K, reserved 1114112K
  class space    used 5908K, committed 6016K, reserved 1048576K
}
Event: 11.946 GC heap before
{Heap before GC invocations=17 (full 0):
 garbage-first heap   total 63488K, used 40608K [0x00000000a1e00000, 0x0000000100000000)
  region size 1024K, 3 young (3072K), 2 survivors (2048K)
 Metaspace       used 48744K, committed 49024K, reserved 1114112K
  class space    used 5908K, committed 6016K, reserved 1048576K
}
Event: 11.958 GC heap after
{Heap after GC invocations=18 (full 0):
 garbage-first heap   total 76800K, used 39471K [0x00000000a1e00000, 0x0000000100000000)
  region size 1024K, 1 young (1024K), 1 survivors (1024K)
 Metaspace       used 48744K, committed 49024K, reserved 1114112K
  class space    used 5908K, committed 6016K, reserved 1048576K
}
Event: 12.578 GC heap before
{Heap before GC invocations=18 (full 0):
 garbage-first heap   total 76800K, used 48687K [0x00000000a1e00000, 0x0000000100000000)
  region size 1024K, 11 young (11264K), 1 survivors (1024K)
 Metaspace       used 51394K, committed 51648K, reserved 1114112K
  class space    used 6228K, committed 6336K, reserved 1048576K
}
Event: 12.588 GC heap after
{Heap after GC invocations=19 (full 0):
 garbage-first heap   total 76800K, used 40409K [0x00000000a1e00000, 0x0000000100000000)
  region size 1024K, 2 young (2048K), 2 survivors (2048K)
 Metaspace       used 51394K, committed 51648K, reserved 1114112K
  class space    used 6228K, committed 6336K, reserved 1048576K
}
Event: 12.778 GC heap before
{Heap before GC invocations=20 (full 0):
 garbage-first heap   total 78848K, used 58841K [0x00000000a1e00000, 0x0000000100000000)
  region size 1024K, 20 young (20480K), 2 survivors (2048K)
 Metaspace       used 51468K, committed 51712K, reserved 1114112K
  class space    used 6228K, committed 6336K, reserved 1048576K
}
Event: 12.786 GC heap after
{Heap after GC invocations=21 (full 0):
 garbage-first heap   total 78848K, used 41076K [0x00000000a1e00000, 0x0000000100000000)
  region size 1024K, 3 young (3072K), 3 survivors (3072K)
 Metaspace       used 51468K, committed 51712K, reserved 1114112K
  class space    used 6228K, committed 6336K, reserved 1048576K
}
Event: 12.789 GC heap before
{Heap before GC invocations=21 (full 0):
 garbage-first heap   total 78848K, used 42100K [0x00000000a1e00000, 0x0000000100000000)
  region size 1024K, 4 young (4096K), 3 survivors (3072K)
 Metaspace       used 51474K, committed 51712K, reserved 1114112K
  class space    used 6228K, committed 6336K, reserved 1048576K
}
Event: 12.797 GC heap after
{Heap after GC invocations=22 (full 0):
 garbage-first heap   total 78848K, used 40580K [0x00000000a1e00000, 0x0000000100000000)
  region size 1024K, 1 young (1024K), 1 survivors (1024K)
 Metaspace       used 51474K, committed 51712K, reserved 1114112K
  class space    used 6228K, committed 6336K, reserved 1048576K
}
Event: 13.884 GC heap before
{Heap before GC invocations=22 (full 0):
 garbage-first heap   total 78848K, used 60036K [0x00000000a1e00000, 0x0000000100000000)
  region size 1024K, 20 young (20480K), 1 survivors (1024K)
 Metaspace       used 53326K, committed 53568K, reserved 1114112K
  class space    used 6416K, committed 6528K, reserved 1048576K
}
Event: 13.902 GC heap after
{Heap after GC invocations=23 (full 0):
 garbage-first heap   total 78848K, used 45038K [0x00000000a1e00000, 0x0000000100000000)
  region size 1024K, 3 young (3072K), 3 survivors (3072K)
 Metaspace       used 53326K, committed 53568K, reserved 1114112K
  class space    used 6416K, committed 6528K, reserved 1048576K
}
Event: 14.329 GC heap before
{Heap before GC invocations=24 (full 0):
 garbage-first heap   total 78848K, used 61422K [0x00000000a1e00000, 0x0000000100000000)
  region size 1024K, 19 young (19456K), 3 survivors (3072K)
 Metaspace       used 53753K, committed 53952K, reserved 1114112K
  class space    used 6439K, committed 6528K, reserved 1048576K
}
Event: 14.343 GC heap after
{Heap after GC invocations=25 (full 0):
 garbage-first heap   total 78848K, used 46954K [0x00000000a1e00000, 0x0000000100000000)
  region size 1024K, 3 young (3072K), 3 survivors (3072K)
 Metaspace       used 53753K, committed 53952K, reserved 1114112K
  class space    used 6439K, committed 6528K, reserved 1048576K
}

