# JRE version: OpenJDK Runtime Environment (17.0.7) (build 17.0.7+0-b2043.56-10550314)
# Java VM: OpenJDK 64-Bit Server VM (17.0.7+0-b2043.56-10550314, mixed mode, tiered, compressed oops, compressed class ptrs, g1 gc, windows-amd64)
GC Precious Log:
 CPUs: 8 total, 8 available
 Memory: 6020M
 Large Page Support: Disabled
 NUMA Support: Disabled
 Compressed Oops: Enabled (32-bit)
 Heap Region Size: 1M
 Heap Min Capacity: 8M
 Heap Initial Capacity: 96M
 Heap Max Capacity: 1506M
 Pre-touch: Disabled
 Parallel Workers: 8
 Concurrent Workers: 2
 Concurrent Refinement Workers: 8
 Periodic GC: Disabled
Heap:
 garbage-first heap   total 151552K, used 79366K [0x00000000a1e00000, 0x0000000100000000)
  region size 1024K, 3 young (3072K), 3 survivors (3072K)
 Metaspace       used 90086K, committed 90496K, reserved 1179648K
  class space    used 10198K, committed 10368K, reserved 1048576K
GC Heap History (20 events):
Event: 8.768 GC heap after
{Heap after GC invocations=22 (full 0):
 garbage-first heap   total 67584K, used 38466K [0x00000000a1e00000, 0x0000000100000000)
  region size 1024K, 3 young (3072K), 3 survivors (3072K)
 Metaspace       used 53745K, committed 54016K, reserved 1114112K
  class space    used 6490K, committed 6592K, reserved 1048576K
}
Event: 9.190 GC heap before
{Heap before GC invocations=22 (full 0):
 garbage-first heap   total 67584K, used 52802K [0x00000000a1e00000, 0x0000000100000000)
  region size 1024K, 17 young (17408K), 3 survivors (3072K)
 Metaspace       used 54418K, committed 54656K, reserved 1114112K
  class space    used 6510K, committed 6592K, reserved 1048576K
}
Event: 9.207 GC heap after
{Heap after GC invocations=23 (full 0):
 garbage-first heap   total 67584K, used 41484K [0x00000000a1e00000, 0x0000000100000000)
  region size 1024K, 3 young (3072K), 3 survivors (3072K)
 Metaspace       used 54418K, committed 54656K, reserved 1114112K
  class space    used 6510K, committed 6592K, reserved 1048576K
}
Event: 9.524 GC heap before
{Heap before GC invocations=24 (full 0):
 garbage-first heap   total 75776K, used 52748K [0x00000000a1e00000, 0x0000000100000000)
  region size 1024K, 14 young (14336K), 3 survivors (3072K)
 Metaspace       used 54629K, committed 54848K, reserved 1114112K
  class space    used 6517K, committed 6592K, reserved 1048576K
}
Event: 9.538 GC heap after
{Heap after GC invocations=25 (full 0):
 garbage-first heap   total 75776K, used 43561K [0x00000000a1e00000, 0x0000000100000000)
  region size 1024K, 2 young (2048K), 2 survivors (2048K)
 Metaspace       used 54629K, committed 54848K, reserved 1114112K
  class space    used 6517K, committed 6592K, reserved 1048576K
}
Event: 10.023 GC heap before
{Heap before GC invocations=25 (full 0):
 garbage-first heap   total 75776K, used 58921K [0x00000000a1e00000, 0x0000000100000000)
  region size 1024K, 17 young (17408K), 2 survivors (2048K)
 Metaspace       used 54749K, committed 54912K, reserved 1114112K
  class space    used 6520K, committed 6592K, reserved 1048576K
}
Event: 10.041 GC heap after
{Heap after GC invocations=26 (full 0):
 garbage-first heap   total 151552K, used 46405K [0x00000000a1e00000, 0x0000000100000000)
  region size 1024K, 3 young (3072K), 3 survivors (3072K)
 Metaspace       used 54749K, committed 54912K, reserved 1114112K
  class space    used 6520K, committed 6592K, reserved 1048576K
}
Event: 12.246 GC heap before
{Heap before GC invocations=27 (full 0):
 garbage-first heap   total 151552K, used 108869K [0x00000000a1e00000, 0x0000000100000000)
  region size 1024K, 64 young (65536K), 3 survivors (3072K)
 Metaspace       used 62144K, committed 62400K, reserved 1114112K
  class space    used 7494K, committed 7616K, reserved 1048576K
}
Event: 12.263 GC heap after
{Heap after GC invocations=28 (full 0):
 garbage-first heap   total 151552K, used 52224K [0x00000000a1e00000, 0x0000000100000000)
  region size 1024K, 8 young (8192K), 8 survivors (8192K)
 Metaspace       used 62144K, committed 62400K, reserved 1114112K
  class space    used 7494K, committed 7616K, reserved 1048576K
}
Event: 12.301 GC heap before
{Heap before GC invocations=28 (full 0):
 garbage-first heap   total 151552K, used 53248K [0x00000000a1e00000, 0x0000000100000000)
  region size 1024K, 9 young (9216K), 8 survivors (8192K)
 Metaspace       used 62440K, committed 62720K, reserved 1114112K
  class space    used 7532K, committed 7680K, reserved 1048576K
}
Event: 12.315 GC heap after
{Heap after GC invocations=29 (full 0):
 garbage-first heap   total 151552K, used 52690K [0x00000000a1e00000, 0x0000000100000000)
  region size 1024K, 1 young (1024K), 1 survivors (1024K)
 Metaspace       used 62440K, committed 62720K, reserved 1114112K
  class space    used 7532K, committed 7680K, reserved 1048576K
}
Event: 14.695 GC heap before
{Heap before GC invocations=29 (full 0):
 garbage-first heap   total 151552K, used 113106K [0x00000000a1e00000, 0x0000000100000000)
  region size 1024K, 60 young (61440K), 1 survivors (1024K)
 Metaspace       used 70787K, committed 71104K, reserved 1114112K
  class space    used 8362K, committed 8512K, reserved 1048576K
}
Event: 14.707 GC heap after
{Heap after GC invocations=30 (full 0):
 garbage-first heap   total 151552K, used 58522K [0x00000000a1e00000, 0x0000000100000000)
  region size 1024K, 7 young (7168K), 7 survivors (7168K)
 Metaspace       used 70787K, committed 71104K, reserved 1114112K
  class space    used 8362K, committed 8512K, reserved 1048576K
}
Event: 16.066 GC heap before
{Heap before GC invocations=30 (full 0):
 garbage-first heap   total 151552K, used 114842K [0x00000000a1e00000, 0x0000000100000000)
  region size 1024K, 62 young (63488K), 7 survivors (7168K)
 Metaspace       used 74920K, committed 75264K, reserved 1179648K
  class space    used 8788K, committed 8960K, reserved 1048576K
}
Event: 16.091 GC heap after
{Heap after GC invocations=31 (full 0):
 garbage-first heap   total 151552K, used 67377K [0x00000000a1e00000, 0x0000000100000000)
  region size 1024K, 8 young (8192K), 8 survivors (8192K)
 Metaspace       used 74920K, committed 75264K, reserved 1179648K
  class space    used 8788K, committed 8960K, reserved 1048576K
}
Event: 17.190 GC heap before
{Heap before GC invocations=31 (full 0):
 garbage-first heap   total 151552K, used 116529K [0x00000000a1e00000, 0x0000000100000000)
  region size 1024K, 56 young (57344K), 8 survivors (8192K)
 Metaspace       used 82731K, committed 83072K, reserved 1179648K
  class space    used 9640K, committed 9792K, reserved 1048576K
}
Event: 17.208 GC heap after
{Heap after GC invocations=32 (full 0):
 garbage-first heap   total 151552K, used 71656K [0x00000000a1e00000, 0x0000000100000000)
  region size 1024K, 4 young (4096K), 4 survivors (4096K)
 Metaspace       used 82731K, committed 83072K, reserved 1179648K
  class space    used 9640K, committed 9792K, reserved 1048576K
}
Event: 18.299 GC heap before
{Heap before GC invocations=32 (full 0):
 garbage-first heap   total 151552K, used 119784K [0x00000000a1e00000, 0x0000000100000000)
  region size 1024K, 51 young (52224K), 4 survivors (4096K)
 Metaspace       used 86007K, committed 86336K, reserved 1179648K
  class space    used 9893K, committed 10048K, reserved 1048576K
}
Event: 18.316 GC heap after
{Heap after GC invocations=33 (full 0):
 garbage-first heap   total 151552K, used 76278K [0x00000000a1e00000, 0x0000000100000000)
  region size 1024K, 7 young (7168K), 7 survivors (7168K)
 Metaspace       used 86007K, committed 86336K, reserved 1179648K
  class space    used 9893K, committed 10048K, reserved 1048576K
}
Event: 19.580 GC heap before
{Heap before GC invocations=33 (full 0):
 garbage-first heap   total 151552K, used 119286K [0x00000000a1e00000, 0x0000000100000000)
  region size 1024K, 50 young (51200K), 7 survivors (7168K)
 Metaspace       used 90086K, committed 90496K, reserved 1179648K
  class space    used 10198K, committed 10368K, reserved 1048576K
}

